{"C:\\Users\\purnachandra\\OneDrive\\Desktop\\calender\\postcss.config.js": {"path":"C:\\Users\\purnachandra\\OneDrive\\Desktop\\calender\\postcss.config.js","all":true,"statementMap":{"0":{"start":{"line":1,"column":0},"end":{"line":1,"column":16}},"1":{"start":{"line":2,"column":0},"end":{"line":2,"column":12}},"2":{"start":{"line":3,"column":0},"end":{"line":3,"column":20}},"3":{"start":{"line":4,"column":0},"end":{"line":4,"column":21}},"4":{"start":{"line":5,"column":0},"end":{"line":5,"column":4}},"5":{"start":{"line":6,"column":0},"end":{"line":6,"column":1}}},"s":{"0":0,"1":0,"2":0,"3":0,"4":0,"5":0},"branchMap":{"0":{"type":"branch","line":1,"loc":{"start":{"line":1,"column":79},"end":{"line":6,"column":1}},"locations":[{"start":{"line":1,"column":79},"end":{"line":6,"column":1}}]}},"b":{"0":[0]},"fnMap":{"0":{"name":"(empty-report)","decl":{"start":{"line":1,"column":79},"end":{"line":6,"column":1}},"loc":{"start":{"line":1,"column":79},"end":{"line":6,"column":1}},"line":1}},"f":{"0":0}}
,"C:\\Users\\purnachandra\\OneDrive\\Desktop\\calender\\tailwind.config.js": {"path":"C:\\Users\\purnachandra\\OneDrive\\Desktop\\calender\\tailwind.config.js","all":true,"statementMap":{"0":{"start":{"line":1,"column":0},"end":{"line":1,"column":43}},"1":{"start":{"line":2,"column":0},"end":{"line":2,"column":16}},"2":{"start":{"line":3,"column":0},"end":{"line":3,"column":12}},"3":{"start":{"line":4,"column":0},"end":{"line":4,"column":19}},"4":{"start":{"line":5,"column":0},"end":{"line":5,"column":33}},"5":{"start":{"line":6,"column":0},"end":{"line":6,"column":4}},"6":{"start":{"line":7,"column":0},"end":{"line":7,"column":10}},"7":{"start":{"line":8,"column":0},"end":{"line":8,"column":13}},"8":{"start":{"line":9,"column":0},"end":{"line":9,"column":15}},"9":{"start":{"line":10,"column":0},"end":{"line":10,"column":37}},"10":{"start":{"line":11,"column":0},"end":{"line":11,"column":35}},"11":{"start":{"line":12,"column":0},"end":{"line":12,"column":33}},"12":{"start":{"line":13,"column":0},"end":{"line":13,"column":45}},"13":{"start":{"line":14,"column":0},"end":{"line":14,"column":45}},"14":{"start":{"line":15,"column":0},"end":{"line":15,"column":18}},"15":{"start":{"line":16,"column":0},"end":{"line":16,"column":41}},"16":{"start":{"line":17,"column":0},"end":{"line":17,"column":55}},"17":{"start":{"line":18,"column":0},"end":{"line":18,"column":10}},"18":{"start":{"line":19,"column":0},"end":{"line":19,"column":20}},"19":{"start":{"line":20,"column":0},"end":{"line":20,"column":43}},"20":{"start":{"line":21,"column":0},"end":{"line":21,"column":57}},"21":{"start":{"line":22,"column":0},"end":{"line":22,"column":10}},"22":{"start":{"line":23,"column":0},"end":{"line":23,"column":22}},"23":{"start":{"line":24,"column":0},"end":{"line":24,"column":45}},"24":{"start":{"line":25,"column":0},"end":{"line":25,"column":59}},"25":{"start":{"line":26,"column":0},"end":{"line":26,"column":10}},"26":{"start":{"line":27,"column":0},"end":{"line":27,"column":16}},"27":{"start":{"line":28,"column":0},"end":{"line":28,"column":39}},"28":{"start":{"line":29,"column":0},"end":{"line":29,"column":53}},"29":{"start":{"line":30,"column":0},"end":{"line":30,"column":10}},"30":{"start":{"line":31,"column":0},"end":{"line":31,"column":17}},"31":{"start":{"line":32,"column":0},"end":{"line":32,"column":40}},"32":{"start":{"line":33,"column":0},"end":{"line":33,"column":54}},"33":{"start":{"line":34,"column":0},"end":{"line":34,"column":10}},"34":{"start":{"line":35,"column":0},"end":{"line":35,"column":18}},"35":{"start":{"line":36,"column":0},"end":{"line":36,"column":41}},"36":{"start":{"line":37,"column":0},"end":{"line":37,"column":55}},"37":{"start":{"line":38,"column":0},"end":{"line":38,"column":10}},"38":{"start":{"line":39,"column":0},"end":{"line":39,"column":15}},"39":{"start":{"line":40,"column":0},"end":{"line":40,"column":38}},"40":{"start":{"line":41,"column":0},"end":{"line":41,"column":52}},"41":{"start":{"line":42,"column":0},"end":{"line":42,"column":10}},"42":{"start":{"line":43,"column":0},"end":{"line":43,"column":8}},"43":{"start":{"line":44,"column":0},"end":{"line":44,"column":21}},"44":{"start":{"line":45,"column":0},"end":{"line":45,"column":28}},"45":{"start":{"line":46,"column":0},"end":{"line":46,"column":40}},"46":{"start":{"line":47,"column":0},"end":{"line":47,"column":40}},"47":{"start":{"line":48,"column":0},"end":{"line":48,"column":8}},"48":{"start":{"line":49,"column":0},"end":{"line":49,"column":6}},"49":{"start":{"line":50,"column":0},"end":{"line":50,"column":4}},"50":{"start":{"line":51,"column":0},"end":{"line":51,"column":14}},"51":{"start":{"line":52,"column":0},"end":{"line":52,"column":1}}},"s":{"0":0,"1":0,"2":0,"3":0,"4":0,"5":0,"6":0,"7":0,"8":0,"9":0,"10":0,"11":0,"12":0,"13":0,"14":0,"15":0,"16":0,"17":0,"18":0,"19":0,"20":0,"21":0,"22":0,"23":0,"24":0,"25":0,"26":0,"27":0,"28":0,"29":0,"30":0,"31":0,"32":0,"33":0,"34":0,"35":0,"36":0,"37":0,"38":0,"39":0,"40":0,"41":0,"42":0,"43":0,"44":0,"45":0,"46":0,"47":0,"48":0,"49":0,"50":0,"51":0},"branchMap":{"0":{"type":"branch","line":1,"loc":{"start":{"line":1,"column":1449},"end":{"line":52,"column":1}},"locations":[{"start":{"line":1,"column":1449},"end":{"line":52,"column":1}}]}},"b":{"0":[0]},"fnMap":{"0":{"name":"(empty-report)","decl":{"start":{"line":1,"column":1449},"end":{"line":52,"column":1}},"loc":{"start":{"line":1,"column":1449},"end":{"line":52,"column":1}},"line":1}},"f":{"0":0}}
,"C:\\Users\\purnachandra\\OneDrive\\Desktop\\calender\\src\\App.jsx": {"path":"C:\\Users\\purnachandra\\OneDrive\\Desktop\\calender\\src\\App.jsx","all":true,"statementMap":{"0":{"start":{"line":1,"column":0},"end":{"line":1,"column":34}},"1":{"start":{"line":2,"column":0},"end":{"line":2,"column":57}},"2":{"start":{"line":3,"column":0},"end":{"line":3,"column":69}},"3":{"start":{"line":4,"column":0},"end":{"line":4,"column":63}},"4":{"start":{"line":5,"column":0},"end":{"line":5,"column":69}},"11":{"start":{"line":12,"column":0},"end":{"line":12,"column":16}},"13":{"start":{"line":14,"column":0},"end":{"line":14,"column":48}},"16":{"start":{"line":17,"column":0},"end":{"line":17,"column":46}},"20":{"start":{"line":21,"column":0},"end":{"line":21,"column":19}},"21":{"start":{"line":22,"column":0},"end":{"line":22,"column":55}},"22":{"start":{"line":23,"column":0},"end":{"line":23,"column":30}},"23":{"start":{"line":24,"column":0},"end":{"line":24,"column":34}},"24":{"start":{"line":25,"column":0},"end":{"line":25,"column":7}},"25":{"start":{"line":26,"column":0},"end":{"line":26,"column":9}},"27":{"start":{"line":28,"column":0},"end":{"line":28,"column":10}},"28":{"start":{"line":29,"column":0},"end":{"line":29,"column":137}},"34":{"start":{"line":35,"column":0},"end":{"line":35,"column":48}},"36":{"start":{"line":37,"column":0},"end":{"line":37,"column":44}},"37":{"start":{"line":38,"column":0},"end":{"line":38,"column":14}},"39":{"start":{"line":40,"column":0},"end":{"line":40,"column":26}},"40":{"start":{"line":41,"column":0},"end":{"line":41,"column":15}},"41":{"start":{"line":42,"column":0},"end":{"line":42,"column":12}},"42":{"start":{"line":43,"column":0},"end":{"line":43,"column":10}},"44":{"start":{"line":45,"column":0},"end":{"line":45,"column":1}},"46":{"start":{"line":47,"column":0},"end":{"line":47,"column":19}}},"s":{"0":0,"1":0,"2":0,"3":0,"4":0,"11":0,"13":0,"16":0,"20":0,"21":0,"22":0,"23":0,"24":0,"25":0,"27":0,"28":0,"34":0,"36":0,"37":0,"39":0,"40":0,"41":0,"42":0,"44":0,"46":0},"branchMap":{"0":{"type":"branch","line":1,"loc":{"start":{"line":1,"column":1660},"end":{"line":47,"column":19}},"locations":[{"start":{"line":1,"column":1660},"end":{"line":47,"column":19}}]}},"b":{"0":[0]},"fnMap":{"0":{"name":"(empty-report)","decl":{"start":{"line":1,"column":1660},"end":{"line":47,"column":19}},"loc":{"start":{"line":1,"column":1660},"end":{"line":47,"column":19}},"line":1}},"f":{"0":0}}
,"C:\\Users\\purnachandra\\OneDrive\\Desktop\\calender\\src\\main.jsx": {"path":"C:\\Users\\purnachandra\\OneDrive\\Desktop\\calender\\src\\main.jsx","all":true,"statementMap":{"0":{"start":{"line":1,"column":0},"end":{"line":1,"column":34}},"1":{"start":{"line":2,"column":0},"end":{"line":2,"column":45}},"2":{"start":{"line":3,"column":0},"end":{"line":3,"column":20}},"3":{"start":{"line":4,"column":0},"end":{"line":4,"column":27}},"4":{"start":{"line":5,"column":0},"end":{"line":5,"column":64}},"6":{"start":{"line":7,"column":0},"end":{"line":7,"column":51}},"7":{"start":{"line":8,"column":0},"end":{"line":8,"column":14}},"8":{"start":{"line":9,"column":0},"end":{"line":9,"column":22}},"9":{"start":{"line":10,"column":0},"end":{"line":10,"column":13}},"10":{"start":{"line":11,"column":0},"end":{"line":11,"column":23}},"11":{"start":{"line":12,"column":0},"end":{"line":12,"column":16}},"12":{"start":{"line":13,"column":0},"end":{"line":13,"column":1}}},"s":{"0":0,"1":0,"2":0,"3":0,"4":0,"6":0,"7":0,"8":0,"9":0,"10":0,"11":0,"12":0},"branchMap":{"0":{"type":"branch","line":1,"loc":{"start":{"line":1,"column":0},"end":{"line":13,"column":-212}},"locations":[{"start":{"line":1,"column":0},"end":{"line":13,"column":-212}}]}},"b":{"0":[0]},"fnMap":{"0":{"name":"(empty-report)","decl":{"start":{"line":1,"column":0},"end":{"line":13,"column":-212}},"loc":{"start":{"line":1,"column":0},"end":{"line":13,"column":-212}},"line":1}},"f":{"0":0}}
,"C:\\Users\\purnachandra\\OneDrive\\Desktop\\calender\\src\\components\\ActivityCard.jsx": {"path":"C:\\Users\\purnachandra\\OneDrive\\Desktop\\calender\\src\\components\\ActivityCard.jsx","all":false,"statementMap":{"0":{"start":{"line":1,"column":0},"end":{"line":1,"column":33}},"1":{"start":{"line":2,"column":0},"end":{"line":2,"column":34}},"2":{"start":{"line":3,"column":0},"end":{"line":3,"column":56}},"3":{"start":{"line":4,"column":0},"end":{"line":4,"column":56}},"17":{"start":{"line":18,"column":0},"end":{"line":18,"column":66}},"18":{"start":{"line":19,"column":0},"end":{"line":19,"column":54}},"19":{"start":{"line":20,"column":0},"end":{"line":20,"column":21}},"22":{"start":{"line":23,"column":0},"end":{"line":23,"column":32}},"23":{"start":{"line":24,"column":0},"end":{"line":24,"column":26}},"24":{"start":{"line":25,"column":0},"end":{"line":25,"column":37}},"25":{"start":{"line":26,"column":0},"end":{"line":26,"column":39}},"26":{"start":{"line":27,"column":0},"end":{"line":27,"column":84}},"27":{"start":{"line":28,"column":0},"end":{"line":28,"column":40}},"29":{"start":{"line":30,"column":0},"end":{"line":30,"column":101}},"30":{"start":{"line":31,"column":0},"end":{"line":31,"column":10}},"32":{"start":{"line":33,"column":0},"end":{"line":33,"column":58}},"33":{"start":{"line":34,"column":0},"end":{"line":34,"column":3}},"35":{"start":{"line":36,"column":0},"end":{"line":36,"column":10}},"36":{"start":{"line":37,"column":0},"end":{"line":37,"column":16}},"37":{"start":{"line":38,"column":0},"end":{"line":38,"column":12}},"38":{"start":{"line":39,"column":0},"end":{"line":39,"column":37}},"39":{"start":{"line":40,"column":0},"end":{"line":40,"column":36}},"40":{"start":{"line":41,"column":0},"end":{"line":41,"column":40}},"41":{"start":{"line":42,"column":0},"end":{"line":42,"column":168}},"43":{"start":{"line":44,"column":0},"end":{"line":44,"column":99}},"46":{"start":{"line":47,"column":0},"end":{"line":47,"column":89}},"47":{"start":{"line":48,"column":0},"end":{"line":48,"column":21}},"48":{"start":{"line":49,"column":0},"end":{"line":49,"column":14}},"51":{"start":{"line":52,"column":0},"end":{"line":52,"column":58}},"52":{"start":{"line":53,"column":0},"end":{"line":53,"column":39}},"53":{"start":{"line":54,"column":0},"end":{"line":54,"column":28}},"54":{"start":{"line":55,"column":0},"end":{"line":55,"column":26}},"55":{"start":{"line":56,"column":0},"end":{"line":56,"column":29}},"56":{"start":{"line":57,"column":0},"end":{"line":57,"column":46}},"57":{"start":{"line":58,"column":0},"end":{"line":58,"column":46}},"58":{"start":{"line":59,"column":0},"end":{"line":59,"column":43}},"59":{"start":{"line":60,"column":0},"end":{"line":60,"column":131}},"62":{"start":{"line":63,"column":0},"end":{"line":63,"column":24}},"63":{"start":{"line":64,"column":0},"end":{"line":64,"column":34}},"64":{"start":{"line":65,"column":0},"end":{"line":65,"column":48}},"65":{"start":{"line":66,"column":0},"end":{"line":66,"column":57}},"66":{"start":{"line":67,"column":0},"end":{"line":67,"column":61}},"67":{"start":{"line":68,"column":0},"end":{"line":68,"column":28}},"68":{"start":{"line":69,"column":0},"end":{"line":69,"column":61}},"69":{"start":{"line":70,"column":0},"end":{"line":70,"column":21}},"70":{"start":{"line":71,"column":0},"end":{"line":71,"column":20}},"71":{"start":{"line":72,"column":0},"end":{"line":72,"column":92}},"72":{"start":{"line":73,"column":0},"end":{"line":73,"column":36}},"74":{"start":{"line":75,"column":0},"end":{"line":75,"column":52}},"75":{"start":{"line":76,"column":0},"end":{"line":76,"column":25}},"78":{"start":{"line":79,"column":0},"end":{"line":79,"column":24}},"79":{"start":{"line":80,"column":0},"end":{"line":80,"column":53}},"80":{"start":{"line":81,"column":0},"end":{"line":81,"column":100}},"81":{"start":{"line":82,"column":0},"end":{"line":82,"column":38}},"83":{"start":{"line":84,"column":0},"end":{"line":84,"column":52}},"84":{"start":{"line":85,"column":0},"end":{"line":85,"column":25}},"85":{"start":{"line":86,"column":0},"end":{"line":86,"column":27}},"87":{"start":{"line":88,"column":0},"end":{"line":88,"column":26}},"88":{"start":{"line":89,"column":0},"end":{"line":89,"column":29}},"89":{"start":{"line":90,"column":0},"end":{"line":90,"column":52}},"90":{"start":{"line":91,"column":0},"end":{"line":91,"column":50}},"91":{"start":{"line":92,"column":0},"end":{"line":92,"column":49}},"92":{"start":{"line":93,"column":0},"end":{"line":93,"column":121}},"94":{"start":{"line":95,"column":0},"end":{"line":95,"column":114}},"95":{"start":{"line":96,"column":0},"end":{"line":96,"column":44}},"96":{"start":{"line":97,"column":0},"end":{"line":97,"column":26}},"97":{"start":{"line":98,"column":0},"end":{"line":98,"column":56}},"98":{"start":{"line":99,"column":0},"end":{"line":99,"column":141}},"99":{"start":{"line":100,"column":0},"end":{"line":100,"column":42}},"101":{"start":{"line":102,"column":0},"end":{"line":102,"column":49}},"102":{"start":{"line":103,"column":0},"end":{"line":103,"column":27}},"103":{"start":{"line":104,"column":0},"end":{"line":104,"column":26}},"104":{"start":{"line":105,"column":0},"end":{"line":105,"column":56}},"105":{"start":{"line":106,"column":0},"end":{"line":106,"column":124}},"106":{"start":{"line":107,"column":0},"end":{"line":107,"column":34}},"108":{"start":{"line":109,"column":0},"end":{"line":109,"column":45}},"109":{"start":{"line":110,"column":0},"end":{"line":110,"column":27}},"110":{"start":{"line":111,"column":0},"end":{"line":111,"column":22}},"111":{"start":{"line":112,"column":0},"end":{"line":112,"column":27}},"113":{"start":{"line":114,"column":0},"end":{"line":114,"column":28}},"114":{"start":{"line":115,"column":0},"end":{"line":115,"column":14}},"115":{"start":{"line":116,"column":0},"end":{"line":116,"column":12}},"118":{"start":{"line":119,"column":0},"end":{"line":119,"column":91}},"119":{"start":{"line":120,"column":0},"end":{"line":120,"column":18}},"120":{"start":{"line":121,"column":0},"end":{"line":121,"column":12}},"121":{"start":{"line":122,"column":0},"end":{"line":122,"column":17}},"123":{"start":{"line":124,"column":0},"end":{"line":124,"column":1}}},"s":{"0":1,"1":1,"2":1,"3":1,"17":1,"18":2,"19":2,"22":2,"23":0,"24":2,"25":1,"26":1,"27":1,"29":0,"30":1,"32":1,"33":1,"35":2,"36":2,"37":2,"38":2,"39":2,"40":2,"41":2,"43":2,"46":2,"47":2,"48":2,"51":2,"52":2,"53":2,"54":2,"55":2,"56":2,"57":2,"58":2,"59":2,"62":2,"63":2,"64":0,"65":0,"66":0,"67":0,"68":0,"69":0,"70":0,"71":2,"72":2,"74":2,"75":2,"78":2,"79":2,"80":2,"81":2,"83":2,"84":2,"85":2,"87":0,"88":0,"89":0,"90":0,"91":0,"92":0,"94":0,"95":0,"96":0,"97":0,"98":0,"99":0,"101":0,"102":0,"103":0,"104":0,"105":0,"106":0,"108":0,"109":0,"110":0,"111":0,"113":2,"114":2,"115":2,"118":2,"119":2,"120":2,"121":2,"123":2},"branchMap":{"0":{"type":"branch","line":18,"loc":{"start":{"line":18,"column":7},"end":{"line":124,"column":1}},"locations":[{"start":{"line":18,"column":7},"end":{"line":124,"column":1}}]},"1":{"type":"branch","line":23,"loc":{"start":{"line":23,"column":31},"end":{"line":25,"column":13}},"locations":[{"start":{"line":23,"column":31},"end":{"line":25,"column":13}}]},"2":{"type":"branch","line":25,"loc":{"start":{"line":25,"column":36},"end":{"line":34,"column":3}},"locations":[{"start":{"line":25,"column":36},"end":{"line":34,"column":3}}]},"3":{"type":"branch","line":28,"loc":{"start":{"line":28,"column":39},"end":{"line":31,"column":9}},"locations":[{"start":{"line":28,"column":39},"end":{"line":31,"column":9}}]},"4":{"type":"branch","line":86,"loc":{"start":{"line":86,"column":14},"end":{"line":112,"column":27}},"locations":[{"start":{"line":86,"column":14},"end":{"line":112,"column":27}}]}},"b":{"0":[2],"1":[0],"2":[1],"3":[0],"4":[0]},"fnMap":{"0":{"name":"ActivityCard","decl":{"start":{"line":18,"column":7},"end":{"line":124,"column":1}},"loc":{"start":{"line":18,"column":7},"end":{"line":124,"column":1}},"line":18},"1":{"name":"onClick","decl":{"start":{"line":64,"column":27},"end":{"line":71,"column":20}},"loc":{"start":{"line":64,"column":27},"end":{"line":71,"column":20}},"line":64},"2":{"name":"onClick","decl":{"start":{"line":80,"column":27},"end":{"line":80,"column":53}},"loc":{"start":{"line":80,"column":27},"end":{"line":80,"column":53}},"line":80},"3":{"name":"onClick","decl":{"start":{"line":98,"column":29},"end":{"line":98,"column":56}},"loc":{"start":{"line":98,"column":29},"end":{"line":98,"column":56}},"line":98},"4":{"name":"onClick","decl":{"start":{"line":105,"column":29},"end":{"line":105,"column":56}},"loc":{"start":{"line":105,"column":29},"end":{"line":105,"column":56}},"line":105}},"f":{"0":2,"1":0,"2":0,"3":0,"4":0}}
,"C:\\Users\\purnachandra\\OneDrive\\Desktop\\calender\\src\\components\\ActivityOverview.jsx": {"path":"C:\\Users\\purnachandra\\OneDrive\\Desktop\\calender\\src\\components\\ActivityOverview.jsx","all":false,"statementMap":{"0":{"start":{"line":1,"column":0},"end":{"line":1,"column":34}},"1":{"start":{"line":2,"column":0},"end":{"line":2,"column":43}},"2":{"start":{"line":3,"column":0},"end":{"line":3,"column":46}},"3":{"start":{"line":4,"column":0},"end":{"line":4,"column":56}},"4":{"start":{"line":5,"column":0},"end":{"line":5,"column":64}},"21":{"start":{"line":22,"column":0},"end":{"line":22,"column":36}},"22":{"start":{"line":23,"column":0},"end":{"line":23,"column":9}},"23":{"start":{"line":24,"column":0},"end":{"line":24,"column":17}},"24":{"start":{"line":25,"column":0},"end":{"line":25,"column":10}},"25":{"start":{"line":26,"column":0},"end":{"line":26,"column":14}},"26":{"start":{"line":27,"column":0},"end":{"line":27,"column":17}},"27":{"start":{"line":28,"column":0},"end":{"line":28,"column":17}},"28":{"start":{"line":29,"column":0},"end":{"line":29,"column":14}},"29":{"start":{"line":30,"column":0},"end":{"line":30,"column":27}},"30":{"start":{"line":31,"column":0},"end":{"line":31,"column":51}},"33":{"start":{"line":34,"column":0},"end":{"line":34,"column":40}},"34":{"start":{"line":35,"column":0},"end":{"line":35,"column":29}},"35":{"start":{"line":36,"column":0},"end":{"line":36,"column":37}},"36":{"start":{"line":37,"column":0},"end":{"line":37,"column":63}},"37":{"start":{"line":38,"column":0},"end":{"line":38,"column":93}},"38":{"start":{"line":39,"column":0},"end":{"line":39,"column":30}},"40":{"start":{"line":41,"column":0},"end":{"line":41,"column":38}},"41":{"start":{"line":42,"column":0},"end":{"line":42,"column":78}},"42":{"start":{"line":43,"column":0},"end":{"line":43,"column":7}},"43":{"start":{"line":44,"column":0},"end":{"line":44,"column":19}},"44":{"start":{"line":45,"column":0},"end":{"line":45,"column":6}},"45":{"start":{"line":46,"column":0},"end":{"line":46,"column":56}},"48":{"start":{"line":49,"column":0},"end":{"line":49,"column":26}},"49":{"start":{"line":50,"column":0},"end":{"line":50,"column":26}},"51":{"start":{"line":52,"column":0},"end":{"line":52,"column":36}},"52":{"start":{"line":53,"column":0},"end":{"line":53,"column":48}},"53":{"start":{"line":54,"column":0},"end":{"line":54,"column":85}},"54":{"start":{"line":55,"column":0},"end":{"line":55,"column":13}},"55":{"start":{"line":56,"column":0},"end":{"line":56,"column":5}},"58":{"start":{"line":59,"column":0},"end":{"line":59,"column":31}},"59":{"start":{"line":60,"column":0},"end":{"line":60,"column":51}},"60":{"start":{"line":61,"column":0},"end":{"line":61,"column":53}},"61":{"start":{"line":62,"column":0},"end":{"line":62,"column":61}},"62":{"start":{"line":63,"column":0},"end":{"line":63,"column":54}},"63":{"start":{"line":64,"column":0},"end":{"line":64,"column":34}},"64":{"start":{"line":65,"column":0},"end":{"line":65,"column":15}},"65":{"start":{"line":66,"column":0},"end":{"line":66,"column":7}},"66":{"start":{"line":67,"column":0},"end":{"line":67,"column":5}},"69":{"start":{"line":70,"column":0},"end":{"line":70,"column":60}},"70":{"start":{"line":71,"column":0},"end":{"line":71,"column":36}},"71":{"start":{"line":72,"column":0},"end":{"line":72,"column":5}},"74":{"start":{"line":75,"column":0},"end":{"line":75,"column":111}},"75":{"start":{"line":76,"column":0},"end":{"line":76,"column":90}},"76":{"start":{"line":77,"column":0},"end":{"line":77,"column":65}},"79":{"start":{"line":80,"column":0},"end":{"line":80,"column":56}},"81":{"start":{"line":82,"column":0},"end":{"line":82,"column":10}},"82":{"start":{"line":83,"column":0},"end":{"line":83,"column":125}},"85":{"start":{"line":86,"column":0},"end":{"line":86,"column":61}},"86":{"start":{"line":87,"column":0},"end":{"line":87,"column":65}},"87":{"start":{"line":88,"column":0},"end":{"line":88,"column":99}},"88":{"start":{"line":89,"column":0},"end":{"line":89,"column":12}},"91":{"start":{"line":92,"column":0},"end":{"line":92,"column":126}},"92":{"start":{"line":93,"column":0},"end":{"line":93,"column":15}},"93":{"start":{"line":94,"column":0},"end":{"line":94,"column":51}},"94":{"start":{"line":95,"column":0},"end":{"line":95,"column":123}},"95":{"start":{"line":96,"column":0},"end":{"line":96,"column":38}},"96":{"start":{"line":97,"column":0},"end":{"line":97,"column":63}},"97":{"start":{"line":98,"column":0},"end":{"line":98,"column":80}},"98":{"start":{"line":99,"column":0},"end":{"line":99,"column":13}},"99":{"start":{"line":100,"column":0},"end":{"line":100,"column":9}},"101":{"start":{"line":102,"column":0},"end":{"line":102,"column":36}},"102":{"start":{"line":103,"column":0},"end":{"line":103,"column":70}},"103":{"start":{"line":104,"column":0},"end":{"line":104,"column":128}},"104":{"start":{"line":105,"column":0},"end":{"line":105,"column":16}},"105":{"start":{"line":106,"column":0},"end":{"line":106,"column":32}},"106":{"start":{"line":107,"column":0},"end":{"line":107,"column":19}},"108":{"start":{"line":109,"column":0},"end":{"line":109,"column":17}},"109":{"start":{"line":110,"column":0},"end":{"line":110,"column":15}},"110":{"start":{"line":111,"column":0},"end":{"line":111,"column":47}},"111":{"start":{"line":112,"column":0},"end":{"line":112,"column":119}},"112":{"start":{"line":113,"column":0},"end":{"line":113,"column":34}},"113":{"start":{"line":114,"column":0},"end":{"line":114,"column":63}},"114":{"start":{"line":115,"column":0},"end":{"line":115,"column":80}},"115":{"start":{"line":116,"column":0},"end":{"line":116,"column":13}},"116":{"start":{"line":117,"column":0},"end":{"line":117,"column":9}},"118":{"start":{"line":119,"column":0},"end":{"line":119,"column":42}},"119":{"start":{"line":120,"column":0},"end":{"line":120,"column":70}},"120":{"start":{"line":121,"column":0},"end":{"line":121,"column":124}},"121":{"start":{"line":122,"column":0},"end":{"line":122,"column":16}},"122":{"start":{"line":123,"column":0},"end":{"line":123,"column":38}},"123":{"start":{"line":124,"column":0},"end":{"line":124,"column":19}},"125":{"start":{"line":126,"column":0},"end":{"line":126,"column":17}},"126":{"start":{"line":127,"column":0},"end":{"line":127,"column":12}},"129":{"start":{"line":130,"column":0},"end":{"line":130,"column":85}},"130":{"start":{"line":131,"column":0},"end":{"line":131,"column":92}},"131":{"start":{"line":132,"column":0},"end":{"line":132,"column":33}},"132":{"start":{"line":133,"column":0},"end":{"line":133,"column":88}},"133":{"start":{"line":134,"column":0},"end":{"line":134,"column":103}},"134":{"start":{"line":135,"column":0},"end":{"line":135,"column":12}},"135":{"start":{"line":136,"column":0},"end":{"line":136,"column":12}},"137":{"start":{"line":138,"column":0},"end":{"line":138,"column":71}},"138":{"start":{"line":139,"column":0},"end":{"line":139,"column":134}},"139":{"start":{"line":140,"column":0},"end":{"line":140,"column":45}},"140":{"start":{"line":141,"column":0},"end":{"line":141,"column":15}},"141":{"start":{"line":142,"column":0},"end":{"line":142,"column":12}},"144":{"start":{"line":145,"column":0},"end":{"line":145,"column":154}},"145":{"start":{"line":146,"column":0},"end":{"line":146,"column":36}},"146":{"start":{"line":147,"column":0},"end":{"line":147,"column":39}},"147":{"start":{"line":148,"column":0},"end":{"line":148,"column":42}},"148":{"start":{"line":149,"column":0},"end":{"line":149,"column":26}},"149":{"start":{"line":150,"column":0},"end":{"line":150,"column":35}},"150":{"start":{"line":151,"column":0},"end":{"line":151,"column":47}},"151":{"start":{"line":152,"column":0},"end":{"line":152,"column":46}},"152":{"start":{"line":153,"column":0},"end":{"line":153,"column":45}},"153":{"start":{"line":154,"column":0},"end":{"line":154,"column":46}},"154":{"start":{"line":155,"column":0},"end":{"line":155,"column":37}},"156":{"start":{"line":157,"column":0},"end":{"line":157,"column":63}},"157":{"start":{"line":158,"column":0},"end":{"line":158,"column":113}},"158":{"start":{"line":159,"column":0},"end":{"line":159,"column":22}},"159":{"start":{"line":160,"column":0},"end":{"line":160,"column":154}},"161":{"start":{"line":162,"column":0},"end":{"line":162,"column":27}},"163":{"start":{"line":164,"column":0},"end":{"line":164,"column":26}},"164":{"start":{"line":165,"column":0},"end":{"line":165,"column":31}},"165":{"start":{"line":166,"column":0},"end":{"line":166,"column":48}},"166":{"start":{"line":167,"column":0},"end":{"line":167,"column":46}},"167":{"start":{"line":168,"column":0},"end":{"line":168,"column":44}},"168":{"start":{"line":169,"column":0},"end":{"line":169,"column":46}},"169":{"start":{"line":170,"column":0},"end":{"line":170,"column":37}},"171":{"start":{"line":172,"column":0},"end":{"line":172,"column":75}},"172":{"start":{"line":173,"column":0},"end":{"line":173,"column":113}},"173":{"start":{"line":174,"column":0},"end":{"line":174,"column":22}},"174":{"start":{"line":175,"column":0},"end":{"line":175,"column":149}},"176":{"start":{"line":177,"column":0},"end":{"line":177,"column":27}},"178":{"start":{"line":179,"column":0},"end":{"line":179,"column":28}},"181":{"start":{"line":182,"column":0},"end":{"line":182,"column":116}},"182":{"start":{"line":183,"column":0},"end":{"line":183,"column":88}},"183":{"start":{"line":184,"column":0},"end":{"line":184,"column":18}},"184":{"start":{"line":185,"column":0},"end":{"line":185,"column":90}},"185":{"start":{"line":186,"column":0},"end":{"line":186,"column":152}},"186":{"start":{"line":187,"column":0},"end":{"line":187,"column":19}},"187":{"start":{"line":188,"column":0},"end":{"line":188,"column":17}},"189":{"start":{"line":190,"column":0},"end":{"line":190,"column":12}},"190":{"start":{"line":191,"column":0},"end":{"line":191,"column":10}},"192":{"start":{"line":193,"column":0},"end":{"line":193,"column":1}}},"s":{"0":1,"1":1,"2":1,"3":1,"4":1,"21":1,"22":7,"23":7,"24":7,"25":7,"26":7,"27":7,"28":7,"29":7,"30":7,"33":7,"34":7,"35":6,"36":6,"37":6,"38":0,"40":0,"41":0,"42":0,"43":0,"44":7,"45":7,"48":7,"49":7,"51":7,"52":6,"53":2,"54":2,"55":2,"58":4,"59":6,"60":0,"61":0,"62":0,"63":0,"64":0,"65":0,"66":0,"69":4,"70":4,"71":7,"74":7,"75":7,"76":7,"79":7,"81":7,"82":7,"85":7,"86":7,"87":7,"88":7,"91":7,"92":7,"93":7,"94":7,"95":7,"96":5,"97":2,"98":7,"99":7,"101":7,"102":2,"103":2,"104":2,"105":2,"106":2,"108":7,"109":7,"110":7,"111":7,"112":7,"113":2,"114":5,"115":7,"116":7,"118":7,"119":4,"120":4,"121":4,"122":4,"123":4,"125":7,"126":7,"129":7,"130":7,"131":7,"132":2,"133":5,"134":7,"135":7,"137":7,"138":7,"139":7,"140":7,"141":7,"144":7,"145":7,"146":4,"147":4,"148":2,"149":2,"150":2,"151":2,"152":2,"153":2,"154":2,"156":2,"157":1,"158":1,"159":1,"161":2,"163":2,"164":2,"165":2,"166":2,"167":2,"168":2,"169":2,"171":2,"172":2,"173":2,"174":0,"176":2,"178":4,"181":3,"182":3,"183":3,"184":3,"185":3,"186":3,"187":3,"189":7,"190":7,"192":7},"branchMap":{"0":{"type":"branch","line":22,"loc":{"start":{"line":22,"column":7},"end":{"line":193,"column":1}},"locations":[{"start":{"line":22,"column":7},"end":{"line":193,"column":1}}]},"1":{"type":"branch","line":96,"loc":{"start":{"line":96,"column":26},"end":{"line":97,"column":63}},"locations":[{"start":{"line":96,"column":26},"end":{"line":97,"column":63}}]},"2":{"type":"branch","line":97,"loc":{"start":{"line":97,"column":16},"end":{"line":98,"column":80}},"locations":[{"start":{"line":97,"column":16},"end":{"line":98,"column":80}}]},"3":{"type":"branch","line":102,"loc":{"start":{"line":102,"column":30},"end":{"line":107,"column":19}},"locations":[{"start":{"line":102,"column":30},"end":{"line":107,"column":19}}]},"4":{"type":"branch","line":104,"loc":{"start":{"line":104,"column":28},"end":{"line":104,"column":95}},"locations":[{"start":{"line":104,"column":28},"end":{"line":104,"column":95}}]},"5":{"type":"branch","line":104,"loc":{"start":{"line":104,"column":42},"end":{"line":104,"column":128}},"locations":[{"start":{"line":104,"column":42},"end":{"line":104,"column":128}}]},"6":{"type":"branch","line":113,"loc":{"start":{"line":113,"column":26},"end":{"line":114,"column":63}},"locations":[{"start":{"line":113,"column":26},"end":{"line":114,"column":63}}]},"7":{"type":"branch","line":114,"loc":{"start":{"line":114,"column":16},"end":{"line":115,"column":80}},"locations":[{"start":{"line":114,"column":16},"end":{"line":115,"column":80}}]},"8":{"type":"branch","line":119,"loc":{"start":{"line":119,"column":36},"end":{"line":124,"column":19}},"locations":[{"start":{"line":119,"column":36},"end":{"line":124,"column":19}}]},"9":{"type":"branch","line":121,"loc":{"start":{"line":121,"column":28},"end":{"line":121,"column":91}},"locations":[{"start":{"line":121,"column":28},"end":{"line":121,"column":91}}]},"10":{"type":"branch","line":121,"loc":{"start":{"line":121,"column":38},"end":{"line":121,"column":124}},"locations":[{"start":{"line":121,"column":38},"end":{"line":121,"column":124}}]},"11":{"type":"branch","line":132,"loc":{"start":{"line":132,"column":25},"end":{"line":133,"column":88}},"locations":[{"start":{"line":132,"column":25},"end":{"line":133,"column":88}}]},"12":{"type":"branch","line":133,"loc":{"start":{"line":133,"column":14},"end":{"line":134,"column":103}},"locations":[{"start":{"line":133,"column":14},"end":{"line":134,"column":103}}]},"13":{"type":"branch","line":146,"loc":{"start":{"line":146,"column":31},"end":{"line":179,"column":28}},"locations":[{"start":{"line":146,"column":31},"end":{"line":179,"column":28}}]},"14":{"type":"branch","line":148,"loc":{"start":{"line":148,"column":27},"end":{"line":162,"column":27}},"locations":[{"start":{"line":148,"column":27},"end":{"line":162,"column":27}}]},"15":{"type":"branch","line":157,"loc":{"start":{"line":157,"column":36},"end":{"line":159,"column":22}},"locations":[{"start":{"line":157,"column":36},"end":{"line":159,"column":22}}]},"16":{"type":"branch","line":159,"loc":{"start":{"line":159,"column":17},"end":{"line":160,"column":154}},"locations":[{"start":{"line":159,"column":17},"end":{"line":160,"column":154}}]},"17":{"type":"branch","line":162,"loc":{"start":{"line":162,"column":14},"end":{"line":177,"column":27}},"locations":[{"start":{"line":162,"column":14},"end":{"line":177,"column":27}}]},"18":{"type":"branch","line":174,"loc":{"start":{"line":174,"column":17},"end":{"line":175,"column":149}},"locations":[{"start":{"line":174,"column":17},"end":{"line":175,"column":149}}]},"19":{"type":"branch","line":179,"loc":{"start":{"line":179,"column":10},"end":{"line":188,"column":17}},"locations":[{"start":{"line":179,"column":10},"end":{"line":188,"column":17}}]},"20":{"type":"branch","line":35,"loc":{"start":{"line":35,"column":12},"end":{"line":45,"column":5}},"locations":[{"start":{"line":35,"column":12},"end":{"line":45,"column":5}}]},"21":{"type":"branch","line":36,"loc":{"start":{"line":36,"column":23},"end":{"line":36,"column":37}},"locations":[{"start":{"line":36,"column":23},"end":{"line":36,"column":37}}]},"22":{"type":"branch","line":37,"loc":{"start":{"line":37,"column":28},"end":{"line":37,"column":63}},"locations":[{"start":{"line":37,"column":28},"end":{"line":37,"column":63}}]},"23":{"type":"branch","line":38,"loc":{"start":{"line":38,"column":63},"end":{"line":44,"column":19}},"locations":[{"start":{"line":38,"column":63},"end":{"line":44,"column":19}}]},"24":{"type":"branch","line":46,"loc":{"start":{"line":46,"column":10},"end":{"line":46,"column":54}},"locations":[{"start":{"line":46,"column":10},"end":{"line":46,"column":54}}]},"25":{"type":"branch","line":52,"loc":{"start":{"line":52,"column":19},"end":{"line":72,"column":3}},"locations":[{"start":{"line":52,"column":19},"end":{"line":72,"column":3}}]},"26":{"type":"branch","line":53,"loc":{"start":{"line":53,"column":24},"end":{"line":53,"column":47}},"locations":[{"start":{"line":53,"column":24},"end":{"line":53,"column":47}}]},"27":{"type":"branch","line":53,"loc":{"start":{"line":53,"column":47},"end":{"line":56,"column":5}},"locations":[{"start":{"line":53,"column":47},"end":{"line":56,"column":5}}]},"28":{"type":"branch","line":54,"loc":{"start":{"line":54,"column":62},"end":{"line":54,"column":82}},"locations":[{"start":{"line":54,"column":62},"end":{"line":54,"column":82}}]},"29":{"type":"branch","line":56,"loc":{"start":{"line":56,"column":4},"end":{"line":60,"column":24}},"locations":[{"start":{"line":56,"column":4},"end":{"line":60,"column":24}}]},"30":{"type":"branch","line":60,"loc":{"start":{"line":60,"column":8},"end":{"line":60,"column":50}},"locations":[{"start":{"line":60,"column":8},"end":{"line":60,"column":50}}]},"31":{"type":"branch","line":60,"loc":{"start":{"line":60,"column":50},"end":{"line":67,"column":5}},"locations":[{"start":{"line":60,"column":50},"end":{"line":67,"column":5}}]},"32":{"type":"branch","line":67,"loc":{"start":{"line":67,"column":4},"end":{"line":71,"column":36}},"locations":[{"start":{"line":67,"column":4},"end":{"line":71,"column":36}}]},"33":{"type":"branch","line":75,"loc":{"start":{"line":75,"column":40},"end":{"line":75,"column":109}},"locations":[{"start":{"line":75,"column":40},"end":{"line":75,"column":109}}]},"34":{"type":"branch","line":75,"loc":{"start":{"line":75,"column":56},"end":{"line":75,"column":109}},"locations":[{"start":{"line":75,"column":56},"end":{"line":75,"column":109}}]},"35":{"type":"branch","line":76,"loc":{"start":{"line":76,"column":43},"end":{"line":76,"column":88}},"locations":[{"start":{"line":76,"column":43},"end":{"line":76,"column":88}}]},"36":{"type":"branch","line":76,"loc":{"start":{"line":76,"column":59},"end":{"line":76,"column":88}},"locations":[{"start":{"line":76,"column":59},"end":{"line":76,"column":88}}]},"37":{"type":"branch","line":77,"loc":{"start":{"line":77,"column":38},"end":{"line":77,"column":63}},"locations":[{"start":{"line":77,"column":38},"end":{"line":77,"column":63}}]},"38":{"type":"branch","line":94,"loc":{"start":{"line":94,"column":19},"end":{"line":94,"column":51}},"locations":[{"start":{"line":94,"column":19},"end":{"line":94,"column":51}}]},"39":{"type":"branch","line":157,"loc":{"start":{"line":157,"column":54},"end":{"line":158,"column":113}},"locations":[{"start":{"line":157,"column":54},"end":{"line":158,"column":113}}]},"40":{"type":"branch","line":172,"loc":{"start":{"line":172,"column":66},"end":{"line":173,"column":113}},"locations":[{"start":{"line":172,"column":66},"end":{"line":173,"column":113}}]}},"b":{"0":[7],"1":[5],"2":[2],"3":[2],"4":[1],"5":[1],"6":[2],"7":[5],"8":[4],"9":[2],"10":[2],"11":[2],"12":[5],"13":[4],"14":[2],"15":[1],"16":[1],"17":[2],"18":[0],"19":[3],"20":[6],"21":[0],"22":[0],"23":[0],"24":[2],"25":[6],"26":[4],"27":[2],"28":[0],"29":[4],"30":[0],"31":[0],"32":[4],"33":[6],"34":[4],"35":[6],"36":[4],"37":[6],"38":[1],"39":[1],"40":[2]},"fnMap":{"0":{"name":"ActivityOverview","decl":{"start":{"line":22,"column":7},"end":{"line":193,"column":1}},"loc":{"start":{"line":22,"column":7},"end":{"line":193,"column":1}},"line":22},"1":{"name":"onClick","decl":{"start":{"line":94,"column":19},"end":{"line":94,"column":51}},"loc":{"start":{"line":94,"column":19},"end":{"line":94,"column":51}},"line":94},"2":{"name":"onClick","decl":{"start":{"line":111,"column":19},"end":{"line":111,"column":47}},"loc":{"start":{"line":111,"column":19},"end":{"line":111,"column":47}},"line":111}},"f":{"0":7,"1":1,"2":0}}
,"C:\\Users\\purnachandra\\OneDrive\\Desktop\\calender\\src\\components\\BackgroundAmbiance.jsx": {"path":"C:\\Users\\purnachandra\\OneDrive\\Desktop\\calender\\src\\components\\BackgroundAmbiance.jsx","all":true,"statementMap":{"0":{"start":{"line":1,"column":0},"end":{"line":1,"column":56}},"10":{"start":{"line":11,"column":0},"end":{"line":11,"column":47}},"11":{"start":{"line":12,"column":0},"end":{"line":12,"column":10}},"12":{"start":{"line":13,"column":0},"end":{"line":13,"column":102}},"13":{"start":{"line":14,"column":0},"end":{"line":14,"column":40}},"14":{"start":{"line":15,"column":0},"end":{"line":15,"column":19}},"15":{"start":{"line":16,"column":0},"end":{"line":16,"column":21}},"16":{"start":{"line":17,"column":0},"end":{"line":17,"column":34}},"17":{"start":{"line":18,"column":0},"end":{"line":18,"column":37}},"18":{"start":{"line":19,"column":0},"end":{"line":19,"column":31}},"19":{"start":{"line":20,"column":0},"end":{"line":20,"column":57}},"20":{"start":{"line":21,"column":0},"end":{"line":21,"column":38}},"26":{"start":{"line":27,"column":0},"end":{"line":27,"column":15}},"27":{"start":{"line":28,"column":0},"end":{"line":28,"column":24}},"28":{"start":{"line":29,"column":0},"end":{"line":29,"column":19}},"29":{"start":{"line":30,"column":0},"end":{"line":30,"column":86}},"30":{"start":{"line":31,"column":0},"end":{"line":31,"column":12}},"31":{"start":{"line":32,"column":0},"end":{"line":32,"column":21}},"32":{"start":{"line":33,"column":0},"end":{"line":33,"column":24}},"38":{"start":{"line":39,"column":0},"end":{"line":39,"column":124}},"39":{"start":{"line":40,"column":0},"end":{"line":40,"column":10}},"41":{"start":{"line":42,"column":0},"end":{"line":42,"column":1}}},"s":{"0":0,"10":0,"11":0,"12":0,"13":0,"14":0,"15":0,"16":0,"17":0,"18":0,"19":0,"20":0,"26":0,"27":0,"28":0,"29":0,"30":0,"31":0,"32":0,"38":0,"39":0,"41":0},"branchMap":{"0":{"type":"branch","line":1,"loc":{"start":{"line":1,"column":1475},"end":{"line":42,"column":1}},"locations":[{"start":{"line":1,"column":1475},"end":{"line":42,"column":1}}]}},"b":{"0":[0]},"fnMap":{"0":{"name":"(empty-report)","decl":{"start":{"line":1,"column":1475},"end":{"line":42,"column":1}},"loc":{"start":{"line":1,"column":1475},"end":{"line":42,"column":1}},"line":1}},"f":{"0":0}}
,"C:\\Users\\purnachandra\\OneDrive\\Desktop\\calender\\src\\components\\CalendarCard.jsx": {"path":"C:\\Users\\purnachandra\\OneDrive\\Desktop\\calender\\src\\components\\CalendarCard.jsx","all":false,"statementMap":{"0":{"start":{"line":1,"column":0},"end":{"line":1,"column":26}},"1":{"start":{"line":2,"column":0},"end":{"line":2,"column":44}},"2":{"start":{"line":3,"column":0},"end":{"line":3,"column":50}},"3":{"start":{"line":4,"column":0},"end":{"line":4,"column":46}},"4":{"start":{"line":5,"column":0},"end":{"line":5,"column":42}},"5":{"start":{"line":6,"column":0},"end":{"line":6,"column":42}},"12":{"start":{"line":13,"column":0},"end":{"line":13,"column":32}},"13":{"start":{"line":14,"column":0},"end":{"line":14,"column":10}},"14":{"start":{"line":15,"column":0},"end":{"line":15,"column":173}},"15":{"start":{"line":16,"column":0},"end":{"line":16,"column":20}},"16":{"start":{"line":17,"column":0},"end":{"line":17,"column":117}},"18":{"start":{"line":19,"column":0},"end":{"line":19,"column":23}},"21":{"start":{"line":22,"column":0},"end":{"line":22,"column":118}},"24":{"start":{"line":25,"column":0},"end":{"line":25,"column":81}},"25":{"start":{"line":26,"column":0},"end":{"line":26,"column":30}},"27":{"start":{"line":28,"column":0},"end":{"line":28,"column":60}},"28":{"start":{"line":29,"column":0},"end":{"line":29,"column":30}},"29":{"start":{"line":30,"column":0},"end":{"line":30,"column":18}},"30":{"start":{"line":31,"column":0},"end":{"line":31,"column":16}},"33":{"start":{"line":34,"column":0},"end":{"line":34,"column":140}},"34":{"start":{"line":35,"column":0},"end":{"line":35,"column":26}},"35":{"start":{"line":36,"column":0},"end":{"line":36,"column":16}},"36":{"start":{"line":37,"column":0},"end":{"line":37,"column":14}},"37":{"start":{"line":38,"column":0},"end":{"line":38,"column":12}},"38":{"start":{"line":39,"column":0},"end":{"line":39,"column":10}},"40":{"start":{"line":41,"column":0},"end":{"line":41,"column":1}}},"s":{"0":1,"1":1,"2":1,"3":1,"4":1,"5":1,"12":1,"13":4,"14":4,"15":4,"16":4,"18":4,"21":4,"24":4,"25":4,"27":4,"28":4,"29":4,"30":4,"33":4,"34":4,"35":4,"36":4,"37":4,"38":4,"40":4},"branchMap":{"0":{"type":"branch","line":13,"loc":{"start":{"line":13,"column":7},"end":{"line":41,"column":1}},"locations":[{"start":{"line":13,"column":7},"end":{"line":41,"column":1}}]}},"b":{"0":[4]},"fnMap":{"0":{"name":"CalendarCard","decl":{"start":{"line":13,"column":7},"end":{"line":41,"column":1}},"loc":{"start":{"line":13,"column":7},"end":{"line":41,"column":1}},"line":13}},"f":{"0":4}}
,"C:\\Users\\purnachandra\\OneDrive\\Desktop\\calender\\src\\components\\CalendarGrid.jsx": {"path":"C:\\Users\\purnachandra\\OneDrive\\Desktop\\calender\\src\\components\\CalendarGrid.jsx","all":false,"statementMap":{"0":{"start":{"line":1,"column":0},"end":{"line":1,"column":34}},"1":{"start":{"line":2,"column":0},"end":{"line":2,"column":36}},"2":{"start":{"line":3,"column":0},"end":{"line":3,"column":56}},"3":{"start":{"line":4,"column":0},"end":{"line":4,"column":64}},"5":{"start":{"line":6,"column":0},"end":{"line":6,"column":67}},"17":{"start":{"line":18,"column":0},"end":{"line":18,"column":32}},"18":{"start":{"line":19,"column":0},"end":{"line":19,"column":9}},"19":{"start":{"line":20,"column":0},"end":{"line":20,"column":17}},"20":{"start":{"line":21,"column":0},"end":{"line":21,"column":19}},"21":{"start":{"line":22,"column":0},"end":{"line":22,"column":14}},"22":{"start":{"line":23,"column":0},"end":{"line":23,"column":12}},"23":{"start":{"line":24,"column":0},"end":{"line":24,"column":14}},"24":{"start":{"line":25,"column":0},"end":{"line":25,"column":20}},"25":{"start":{"line":26,"column":0},"end":{"line":26,"column":18}},"26":{"start":{"line":27,"column":0},"end":{"line":27,"column":14}},"27":{"start":{"line":28,"column":0},"end":{"line":28,"column":16}},"28":{"start":{"line":29,"column":0},"end":{"line":29,"column":16}},"29":{"start":{"line":30,"column":0},"end":{"line":30,"column":10}},"30":{"start":{"line":31,"column":0},"end":{"line":31,"column":14}},"31":{"start":{"line":32,"column":0},"end":{"line":32,"column":27}},"33":{"start":{"line":34,"column":0},"end":{"line":34,"column":39}},"35":{"start":{"line":36,"column":0},"end":{"line":36,"column":10}},"36":{"start":{"line":37,"column":0},"end":{"line":37,"column":97}},"39":{"start":{"line":40,"column":0},"end":{"line":40,"column":45}},"40":{"start":{"line":41,"column":0},"end":{"line":41,"column":32}},"41":{"start":{"line":42,"column":0},"end":{"line":42,"column":123}},"42":{"start":{"line":43,"column":0},"end":{"line":43,"column":17}},"43":{"start":{"line":44,"column":0},"end":{"line":44,"column":16}},"44":{"start":{"line":45,"column":0},"end":{"line":45,"column":11}},"45":{"start":{"line":46,"column":0},"end":{"line":46,"column":12}},"48":{"start":{"line":49,"column":0},"end":{"line":49,"column":46}},"49":{"start":{"line":50,"column":0},"end":{"line":50,"column":58}},"50":{"start":{"line":51,"column":0},"end":{"line":51,"column":21}},"51":{"start":{"line":52,"column":0},"end":{"line":52,"column":41}},"52":{"start":{"line":53,"column":0},"end":{"line":53,"column":49}},"53":{"start":{"line":54,"column":0},"end":{"line":54,"column":46}},"54":{"start":{"line":55,"column":0},"end":{"line":55,"column":46}},"55":{"start":{"line":56,"column":0},"end":{"line":56,"column":42}},"56":{"start":{"line":57,"column":0},"end":{"line":57,"column":55}},"58":{"start":{"line":59,"column":0},"end":{"line":59,"column":39}},"59":{"start":{"line":60,"column":0},"end":{"line":60,"column":55}},"60":{"start":{"line":61,"column":0},"end":{"line":61,"column":34}},"63":{"start":{"line":64,"column":0},"end":{"line":64,"column":62}},"64":{"start":{"line":65,"column":0},"end":{"line":65,"column":90}},"65":{"start":{"line":66,"column":0},"end":{"line":66,"column":42}},"66":{"start":{"line":67,"column":0},"end":{"line":67,"column":30}},"67":{"start":{"line":68,"column":0},"end":{"line":68,"column":17}},"68":{"start":{"line":69,"column":0},"end":{"line":69,"column":69}},"69":{"start":{"line":70,"column":0},"end":{"line":70,"column":54}},"70":{"start":{"line":71,"column":0},"end":{"line":71,"column":85}},"71":{"start":{"line":72,"column":0},"end":{"line":72,"column":32}},"72":{"start":{"line":73,"column":0},"end":{"line":73,"column":19}},"73":{"start":{"line":74,"column":0},"end":{"line":74,"column":17}},"74":{"start":{"line":75,"column":0},"end":{"line":75,"column":29}},"75":{"start":{"line":76,"column":0},"end":{"line":76,"column":17}},"77":{"start":{"line":78,"column":0},"end":{"line":78,"column":22}},"78":{"start":{"line":79,"column":0},"end":{"line":79,"column":24}},"79":{"start":{"line":80,"column":0},"end":{"line":80,"column":38}},"80":{"start":{"line":81,"column":0},"end":{"line":81,"column":27}},"81":{"start":{"line":82,"column":0},"end":{"line":82,"column":45}},"82":{"start":{"line":83,"column":0},"end":{"line":83,"column":56}},"83":{"start":{"line":84,"column":0},"end":{"line":84,"column":52}},"84":{"start":{"line":85,"column":0},"end":{"line":85,"column":44}},"85":{"start":{"line":86,"column":0},"end":{"line":86,"column":30}},"86":{"start":{"line":87,"column":0},"end":{"line":87,"column":33}},"87":{"start":{"line":88,"column":0},"end":{"line":88,"column":32}},"88":{"start":{"line":89,"column":0},"end":{"line":89,"column":33}},"89":{"start":{"line":90,"column":0},"end":{"line":90,"column":85}},"90":{"start":{"line":91,"column":0},"end":{"line":91,"column":35}},"92":{"start":{"line":93,"column":0},"end":{"line":93,"column":100}},"93":{"start":{"line":94,"column":0},"end":{"line":94,"column":35}},"94":{"start":{"line":95,"column":0},"end":{"line":95,"column":38}},"95":{"start":{"line":96,"column":0},"end":{"line":96,"column":43}},"96":{"start":{"line":97,"column":0},"end":{"line":97,"column":43}},"97":{"start":{"line":98,"column":0},"end":{"line":98,"column":39}},"98":{"start":{"line":99,"column":0},"end":{"line":99,"column":18}},"100":{"start":{"line":101,"column":0},"end":{"line":101,"column":15}},"101":{"start":{"line":102,"column":0},"end":{"line":102,"column":23}},"102":{"start":{"line":103,"column":0},"end":{"line":103,"column":26}},"103":{"start":{"line":104,"column":0},"end":{"line":104,"column":12}},"104":{"start":{"line":105,"column":0},"end":{"line":105,"column":10}},"106":{"start":{"line":107,"column":0},"end":{"line":107,"column":1}}},"s":{"0":1,"1":1,"2":1,"3":1,"5":1,"17":1,"18":15,"19":15,"20":15,"21":15,"22":15,"23":15,"24":15,"25":15,"26":15,"27":15,"28":15,"29":15,"30":15,"31":15,"33":15,"35":15,"36":15,"39":15,"40":15,"41":105,"42":105,"43":105,"44":15,"45":15,"48":15,"49":15,"50":15,"51":15,"52":15,"53":15,"54":15,"55":15,"56":15,"58":15,"59":525,"60":525,"63":525,"64":383,"65":5,"66":5,"67":5,"68":383,"69":35,"70":35,"71":3,"72":3,"73":35,"74":375,"75":525,"77":525,"78":525,"79":525,"80":525,"81":525,"82":525,"83":525,"84":525,"85":525,"86":525,"87":0,"88":0,"89":0,"90":0,"92":525,"93":525,"94":525,"95":525,"96":525,"97":525,"98":525,"100":15,"101":15,"102":15,"103":15,"104":15,"106":15},"branchMap":{"0":{"type":"branch","line":18,"loc":{"start":{"line":18,"column":7},"end":{"line":107,"column":1}},"locations":[{"start":{"line":18,"column":7},"end":{"line":107,"column":1}}]},"1":{"type":"branch","line":41,"loc":{"start":{"line":41,"column":22},"end":{"line":44,"column":16}},"locations":[{"start":{"line":41,"column":22},"end":{"line":44,"column":16}}]},"2":{"type":"branch","line":59,"loc":{"start":{"line":59,"column":29},"end":{"line":101,"column":13}},"locations":[{"start":{"line":59,"column":29},"end":{"line":101,"column":13}}]},"3":{"type":"branch","line":87,"loc":{"start":{"line":87,"column":20},"end":{"line":88,"column":32}},"locations":[{"start":{"line":87,"column":20},"end":{"line":88,"column":32}}]},"4":{"type":"branch","line":88,"loc":{"start":{"line":88,"column":21},"end":{"line":89,"column":33}},"locations":[{"start":{"line":88,"column":21},"end":{"line":89,"column":33}}]},"5":{"type":"branch","line":89,"loc":{"start":{"line":89,"column":20},"end":{"line":90,"column":85}},"locations":[{"start":{"line":89,"column":20},"end":{"line":90,"column":85}}]},"6":{"type":"branch","line":90,"loc":{"start":{"line":90,"column":80},"end":{"line":91,"column":35}},"locations":[{"start":{"line":90,"column":80},"end":{"line":91,"column":35}}]},"7":{"type":"branch","line":93,"loc":{"start":{"line":93,"column":33},"end":{"line":93,"column":100}},"locations":[{"start":{"line":93,"column":33},"end":{"line":93,"column":100}}]},"8":{"type":"branch","line":93,"loc":{"start":{"line":93,"column":49},"end":{"line":93,"column":100}},"locations":[{"start":{"line":93,"column":49},"end":{"line":93,"column":100}}]},"9":{"type":"branch","line":93,"loc":{"start":{"line":93,"column":63},"end":{"line":93,"column":100}},"locations":[{"start":{"line":93,"column":63},"end":{"line":93,"column":100}}]},"10":{"type":"branch","line":64,"loc":{"start":{"line":64,"column":54},"end":{"line":76,"column":15}},"locations":[{"start":{"line":64,"column":54},"end":{"line":76,"column":15}}]},"11":{"type":"branch","line":65,"loc":{"start":{"line":65,"column":34},"end":{"line":65,"column":63}},"locations":[{"start":{"line":65,"column":34},"end":{"line":65,"column":63}}]},"12":{"type":"branch","line":65,"loc":{"start":{"line":65,"column":53},"end":{"line":65,"column":89}},"locations":[{"start":{"line":65,"column":53},"end":{"line":65,"column":89}}]},"13":{"type":"branch","line":65,"loc":{"start":{"line":65,"column":89},"end":{"line":68,"column":17}},"locations":[{"start":{"line":65,"column":89},"end":{"line":68,"column":17}}]},"14":{"type":"branch","line":68,"loc":{"start":{"line":68,"column":16},"end":{"line":69,"column":49}},"locations":[{"start":{"line":68,"column":16},"end":{"line":69,"column":49}}]},"15":{"type":"branch","line":69,"loc":{"start":{"line":69,"column":34},"end":{"line":69,"column":68}},"locations":[{"start":{"line":69,"column":34},"end":{"line":69,"column":68}}]},"16":{"type":"branch","line":69,"loc":{"start":{"line":69,"column":68},"end":{"line":74,"column":17}},"locations":[{"start":{"line":69,"column":68},"end":{"line":74,"column":17}}]},"17":{"type":"branch","line":71,"loc":{"start":{"line":71,"column":32},"end":{"line":71,"column":58}},"locations":[{"start":{"line":71,"column":32},"end":{"line":71,"column":58}}]},"18":{"type":"branch","line":71,"loc":{"start":{"line":71,"column":51},"end":{"line":71,"column":84}},"locations":[{"start":{"line":71,"column":51},"end":{"line":71,"column":84}}]},"19":{"type":"branch","line":71,"loc":{"start":{"line":71,"column":84},"end":{"line":73,"column":19}},"locations":[{"start":{"line":71,"column":84},"end":{"line":73,"column":19}}]},"20":{"type":"branch","line":74,"loc":{"start":{"line":74,"column":16},"end":{"line":75,"column":29}},"locations":[{"start":{"line":74,"column":16},"end":{"line":75,"column":29}}]}},"b":{"0":[15],"1":[105],"2":[525],"3":[0],"4":[0],"5":[0],"6":[0],"7":[280],"8":[175],"9":[0],"10":[383],"11":[243],"12":[5],"13":[5],"14":[378],"15":[140],"16":[35],"17":[31],"18":[3],"19":[3],"20":[375]},"fnMap":{"0":{"name":"CalendarGrid","decl":{"start":{"line":18,"column":7},"end":{"line":107,"column":1}},"loc":{"start":{"line":18,"column":7},"end":{"line":107,"column":1}},"line":18}},"f":{"0":15}}
,"C:\\Users\\purnachandra\\OneDrive\\Desktop\\calender\\src\\components\\CalendarHeader.jsx": {"path":"C:\\Users\\purnachandra\\OneDrive\\Desktop\\calender\\src\\components\\CalendarHeader.jsx","all":false,"statementMap":{"0":{"start":{"line":1,"column":0},"end":{"line":1,"column":34}},"1":{"start":{"line":2,"column":0},"end":{"line":2,"column":83}},"2":{"start":{"line":3,"column":0},"end":{"line":3,"column":64}},"11":{"start":{"line":12,"column":0},"end":{"line":12,"column":34}},"12":{"start":{"line":13,"column":0},"end":{"line":13,"column":9}},"13":{"start":{"line":14,"column":0},"end":{"line":14,"column":17}},"14":{"start":{"line":15,"column":0},"end":{"line":15,"column":27}},"15":{"start":{"line":16,"column":0},"end":{"line":16,"column":27}},"16":{"start":{"line":17,"column":0},"end":{"line":17,"column":30}},"17":{"start":{"line":18,"column":0},"end":{"line":18,"column":27}},"19":{"start":{"line":20,"column":0},"end":{"line":20,"column":10}},"20":{"start":{"line":21,"column":0},"end":{"line":21,"column":85}},"23":{"start":{"line":24,"column":0},"end":{"line":24,"column":37}},"24":{"start":{"line":25,"column":0},"end":{"line":25,"column":85}},"25":{"start":{"line":26,"column":0},"end":{"line":26,"column":45}},"26":{"start":{"line":27,"column":0},"end":{"line":27,"column":13}},"27":{"start":{"line":28,"column":0},"end":{"line":28,"column":12}},"30":{"start":{"line":31,"column":0},"end":{"line":31,"column":47}},"33":{"start":{"line":34,"column":0},"end":{"line":34,"column":15}},"34":{"start":{"line":35,"column":0},"end":{"line":35,"column":33}},"35":{"start":{"line":36,"column":0},"end":{"line":36,"column":290}},"36":{"start":{"line":37,"column":0},"end":{"line":37,"column":36}},"38":{"start":{"line":39,"column":0},"end":{"line":39,"column":46}},"39":{"start":{"line":40,"column":0},"end":{"line":40,"column":57}},"40":{"start":{"line":41,"column":0},"end":{"line":41,"column":17}},"43":{"start":{"line":44,"column":0},"end":{"line":44,"column":15}},"44":{"start":{"line":45,"column":0},"end":{"line":45,"column":31}},"45":{"start":{"line":46,"column":0},"end":{"line":46,"column":200}},"46":{"start":{"line":47,"column":0},"end":{"line":47,"column":37}},"48":{"start":{"line":49,"column":0},"end":{"line":49,"column":61}},"49":{"start":{"line":50,"column":0},"end":{"line":50,"column":17}},"52":{"start":{"line":53,"column":0},"end":{"line":53,"column":15}},"53":{"start":{"line":54,"column":0},"end":{"line":54,"column":31}},"54":{"start":{"line":55,"column":0},"end":{"line":55,"column":200}},"55":{"start":{"line":56,"column":0},"end":{"line":56,"column":33}},"57":{"start":{"line":58,"column":0},"end":{"line":58,"column":62}},"58":{"start":{"line":59,"column":0},"end":{"line":59,"column":17}},"59":{"start":{"line":60,"column":0},"end":{"line":60,"column":12}},"60":{"start":{"line":61,"column":0},"end":{"line":61,"column":10}},"62":{"start":{"line":63,"column":0},"end":{"line":63,"column":1}}},"s":{"0":1,"1":1,"2":1,"11":1,"12":15,"13":15,"14":15,"15":15,"16":15,"17":15,"19":15,"20":15,"23":15,"24":15,"25":15,"26":15,"27":15,"30":15,"33":15,"34":15,"35":15,"36":15,"38":15,"39":15,"40":15,"43":15,"44":15,"45":15,"46":15,"48":15,"49":15,"52":15,"53":15,"54":15,"55":15,"57":15,"58":15,"59":15,"60":15,"62":15},"branchMap":{"0":{"type":"branch","line":12,"loc":{"start":{"line":12,"column":7},"end":{"line":63,"column":1}},"locations":[{"start":{"line":12,"column":7},"end":{"line":63,"column":1}}]}},"b":{"0":[15]},"fnMap":{"0":{"name":"CalendarHeader","decl":{"start":{"line":12,"column":7},"end":{"line":63,"column":1}},"loc":{"start":{"line":12,"column":7},"end":{"line":63,"column":1}},"line":12}},"f":{"0":15}}
,"C:\\Users\\purnachandra\\OneDrive\\Desktop\\calender\\src\\components\\DailyJournalEditor.jsx": {"path":"C:\\Users\\purnachandra\\OneDrive\\Desktop\\calender\\src\\components\\DailyJournalEditor.jsx","all":false,"statementMap":{"0":{"start":{"line":1,"column":0},"end":{"line":1,"column":44}},"1":{"start":{"line":2,"column":0},"end":{"line":2,"column":55}},"2":{"start":{"line":3,"column":0},"end":{"line":3,"column":78}},"3":{"start":{"line":4,"column":0},"end":{"line":4,"column":46}},"4":{"start":{"line":5,"column":0},"end":{"line":5,"column":66}},"5":{"start":{"line":6,"column":0},"end":{"line":6,"column":64}},"14":{"start":{"line":15,"column":0},"end":{"line":15,"column":36}},"15":{"start":{"line":16,"column":0},"end":{"line":16,"column":14}},"16":{"start":{"line":17,"column":0},"end":{"line":17,"column":12}},"17":{"start":{"line":18,"column":0},"end":{"line":18,"column":4}},"18":{"start":{"line":19,"column":0},"end":{"line":19,"column":94}},"19":{"start":{"line":20,"column":0},"end":{"line":20,"column":39}},"20":{"start":{"line":21,"column":0},"end":{"line":21,"column":80}},"21":{"start":{"line":22,"column":0},"end":{"line":22,"column":56}},"22":{"start":{"line":23,"column":0},"end":{"line":23,"column":56}},"25":{"start":{"line":26,"column":0},"end":{"line":26,"column":49}},"26":{"start":{"line":27,"column":0},"end":{"line":27,"column":82}},"27":{"start":{"line":28,"column":0},"end":{"line":28,"column":92}},"30":{"start":{"line":31,"column":0},"end":{"line":31,"column":19}},"31":{"start":{"line":32,"column":0},"end":{"line":32,"column":31}},"32":{"start":{"line":33,"column":0},"end":{"line":33,"column":28}},"33":{"start":{"line":34,"column":0},"end":{"line":34,"column":26}},"34":{"start":{"line":35,"column":0},"end":{"line":35,"column":32}},"40":{"start":{"line":41,"column":0},"end":{"line":41,"column":19}},"41":{"start":{"line":42,"column":0},"end":{"line":42,"column":35}},"42":{"start":{"line":43,"column":0},"end":{"line":43,"column":40}},"43":{"start":{"line":44,"column":0},"end":{"line":44,"column":35}},"44":{"start":{"line":45,"column":0},"end":{"line":45,"column":32}},"45":{"start":{"line":46,"column":0},"end":{"line":46,"column":14}},"46":{"start":{"line":47,"column":0},"end":{"line":47,"column":98}},"47":{"start":{"line":48,"column":0},"end":{"line":48,"column":5}},"48":{"start":{"line":49,"column":0},"end":{"line":49,"column":48}},"51":{"start":{"line":52,"column":0},"end":{"line":52,"column":31}},"52":{"start":{"line":53,"column":0},"end":{"line":53,"column":28}},"53":{"start":{"line":54,"column":0},"end":{"line":54,"column":29}},"55":{"start":{"line":56,"column":0},"end":{"line":56,"column":68}},"56":{"start":{"line":57,"column":0},"end":{"line":57,"column":4}},"61":{"start":{"line":62,"column":0},"end":{"line":62,"column":28}},"62":{"start":{"line":63,"column":0},"end":{"line":63,"column":23}},"63":{"start":{"line":64,"column":0},"end":{"line":64,"column":27}},"64":{"start":{"line":65,"column":0},"end":{"line":65,"column":90}},"65":{"start":{"line":66,"column":0},"end":{"line":66,"column":13}},"66":{"start":{"line":67,"column":0},"end":{"line":67,"column":5}},"68":{"start":{"line":69,"column":0},"end":{"line":69,"column":31}},"69":{"start":{"line":70,"column":0},"end":{"line":70,"column":28}},"70":{"start":{"line":71,"column":0},"end":{"line":71,"column":25}},"73":{"start":{"line":74,"column":0},"end":{"line":74,"column":22}},"74":{"start":{"line":75,"column":0},"end":{"line":75,"column":28}},"75":{"start":{"line":76,"column":0},"end":{"line":76,"column":23}},"76":{"start":{"line":77,"column":0},"end":{"line":77,"column":13}},"77":{"start":{"line":78,"column":0},"end":{"line":78,"column":4}},"80":{"start":{"line":81,"column":0},"end":{"line":81,"column":35}},"81":{"start":{"line":82,"column":0},"end":{"line":82,"column":62}},"82":{"start":{"line":83,"column":0},"end":{"line":83,"column":21}},"83":{"start":{"line":84,"column":0},"end":{"line":84,"column":29}},"84":{"start":{"line":85,"column":0},"end":{"line":85,"column":4}},"87":{"start":{"line":88,"column":0},"end":{"line":88,"column":35}},"88":{"start":{"line":89,"column":0},"end":{"line":89,"column":29}},"89":{"start":{"line":90,"column":0},"end":{"line":90,"column":74}},"90":{"start":{"line":91,"column":0},"end":{"line":91,"column":25}},"91":{"start":{"line":92,"column":0},"end":{"line":92,"column":54}},"92":{"start":{"line":93,"column":0},"end":{"line":93,"column":28}},"93":{"start":{"line":94,"column":0},"end":{"line":94,"column":55}},"94":{"start":{"line":95,"column":0},"end":{"line":95,"column":3}},"96":{"start":{"line":97,"column":0},"end":{"line":97,"column":10}},"97":{"start":{"line":98,"column":0},"end":{"line":98,"column":102}},"100":{"start":{"line":101,"column":0},"end":{"line":101,"column":63}},"101":{"start":{"line":102,"column":0},"end":{"line":102,"column":67}},"102":{"start":{"line":103,"column":0},"end":{"line":103,"column":131}},"103":{"start":{"line":104,"column":0},"end":{"line":104,"column":14}},"106":{"start":{"line":107,"column":0},"end":{"line":107,"column":82}},"107":{"start":{"line":108,"column":0},"end":{"line":108,"column":94}},"108":{"start":{"line":109,"column":0},"end":{"line":109,"column":34}},"109":{"start":{"line":110,"column":0},"end":{"line":110,"column":124}},"110":{"start":{"line":111,"column":0},"end":{"line":111,"column":82}},"111":{"start":{"line":112,"column":0},"end":{"line":112,"column":14}},"112":{"start":{"line":113,"column":0},"end":{"line":113,"column":14}},"115":{"start":{"line":116,"column":0},"end":{"line":116,"column":64}},"116":{"start":{"line":117,"column":0},"end":{"line":117,"column":131}},"117":{"start":{"line":118,"column":0},"end":{"line":118,"column":19}},"118":{"start":{"line":119,"column":0},"end":{"line":119,"column":17}},"119":{"start":{"line":120,"column":0},"end":{"line":120,"column":18}},"120":{"start":{"line":121,"column":0},"end":{"line":121,"column":36}},"121":{"start":{"line":122,"column":0},"end":{"line":122,"column":128}},"122":{"start":{"line":123,"column":0},"end":{"line":123,"column":51}},"124":{"start":{"line":125,"column":0},"end":{"line":125,"column":47}},"126":{"start":{"line":127,"column":0},"end":{"line":127,"column":19}},"127":{"start":{"line":128,"column":0},"end":{"line":128,"column":14}},"130":{"start":{"line":131,"column":0},"end":{"line":131,"column":27}},"131":{"start":{"line":132,"column":0},"end":{"line":132,"column":197}},"132":{"start":{"line":133,"column":0},"end":{"line":133,"column":95}},"133":{"start":{"line":134,"column":0},"end":{"line":134,"column":17}},"134":{"start":{"line":135,"column":0},"end":{"line":135,"column":113}},"135":{"start":{"line":136,"column":0},"end":{"line":136,"column":106}},"136":{"start":{"line":137,"column":0},"end":{"line":137,"column":18}},"137":{"start":{"line":138,"column":0},"end":{"line":138,"column":16}},"141":{"start":{"line":142,"column":0},"end":{"line":142,"column":32}},"142":{"start":{"line":143,"column":0},"end":{"line":143,"column":167}},"143":{"start":{"line":144,"column":0},"end":{"line":144,"column":55}},"144":{"start":{"line":145,"column":0},"end":{"line":145,"column":17}},"145":{"start":{"line":146,"column":0},"end":{"line":146,"column":110}},"146":{"start":{"line":147,"column":0},"end":{"line":147,"column":143}},"147":{"start":{"line":148,"column":0},"end":{"line":148,"column":18}},"148":{"start":{"line":149,"column":0},"end":{"line":149,"column":16}},"152":{"start":{"line":153,"column":0},"end":{"line":153,"column":53}},"153":{"start":{"line":154,"column":0},"end":{"line":154,"column":62}},"157":{"start":{"line":158,"column":0},"end":{"line":158,"column":15}},"158":{"start":{"line":159,"column":0},"end":{"line":159,"column":20}},"159":{"start":{"line":160,"column":0},"end":{"line":160,"column":31}},"160":{"start":{"line":161,"column":0},"end":{"line":161,"column":37}},"161":{"start":{"line":162,"column":0},"end":{"line":162,"column":195}},"162":{"start":{"line":163,"column":0},"end":{"line":163,"column":291}},"163":{"start":{"line":164,"column":0},"end":{"line":164,"column":8}},"166":{"start":{"line":167,"column":0},"end":{"line":167,"column":93}},"168":{"start":{"line":169,"column":0},"end":{"line":169,"column":81}},"169":{"start":{"line":170,"column":0},"end":{"line":170,"column":42}},"170":{"start":{"line":171,"column":0},"end":{"line":171,"column":78}},"171":{"start":{"line":172,"column":0},"end":{"line":172,"column":14}},"174":{"start":{"line":175,"column":0},"end":{"line":175,"column":15}},"175":{"start":{"line":176,"column":0},"end":{"line":176,"column":30}},"176":{"start":{"line":177,"column":0},"end":{"line":177,"column":69}},"177":{"start":{"line":178,"column":0},"end":{"line":178,"column":170}},"178":{"start":{"line":179,"column":0},"end":{"line":179,"column":24}},"179":{"start":{"line":180,"column":0},"end":{"line":180,"column":70}},"180":{"start":{"line":181,"column":0},"end":{"line":181,"column":27}},"181":{"start":{"line":182,"column":0},"end":{"line":182,"column":74}},"182":{"start":{"line":183,"column":0},"end":{"line":183,"column":88}},"183":{"start":{"line":184,"column":0},"end":{"line":184,"column":84}},"185":{"start":{"line":186,"column":0},"end":{"line":186,"column":26}},"186":{"start":{"line":187,"column":0},"end":{"line":187,"column":14}},"187":{"start":{"line":188,"column":0},"end":{"line":188,"column":43}},"189":{"start":{"line":190,"column":0},"end":{"line":190,"column":15}},"190":{"start":{"line":191,"column":0},"end":{"line":191,"column":29}},"191":{"start":{"line":192,"column":0},"end":{"line":192,"column":14}},"192":{"start":{"line":193,"column":0},"end":{"line":193,"column":39}},"194":{"start":{"line":195,"column":0},"end":{"line":195,"column":15}},"196":{"start":{"line":197,"column":0},"end":{"line":197,"column":14}},"197":{"start":{"line":198,"column":0},"end":{"line":198,"column":42}},"198":{"start":{"line":199,"column":0},"end":{"line":199,"column":71}},"199":{"start":{"line":200,"column":0},"end":{"line":200,"column":15}},"201":{"start":{"line":202,"column":0},"end":{"line":202,"column":17}},"202":{"start":{"line":203,"column":0},"end":{"line":203,"column":12}},"203":{"start":{"line":204,"column":0},"end":{"line":204,"column":10}},"205":{"start":{"line":206,"column":0},"end":{"line":206,"column":1}}},"s":{"0":1,"1":1,"2":1,"3":1,"4":1,"5":1,"14":1,"15":15,"16":15,"17":15,"18":15,"19":15,"20":15,"21":15,"22":15,"25":15,"26":15,"27":15,"30":15,"31":8,"32":8,"33":8,"34":15,"40":15,"41":10,"42":2,"43":0,"44":0,"45":2,"46":2,"47":2,"48":15,"51":15,"52":2,"53":2,"55":2,"56":2,"61":15,"62":2,"63":0,"64":0,"65":0,"66":0,"68":2,"69":2,"70":2,"73":2,"74":2,"75":2,"76":2,"77":2,"80":15,"81":0,"82":0,"83":0,"84":0,"87":15,"88":15,"89":7,"90":15,"91":8,"92":8,"93":0,"94":0,"96":15,"97":15,"100":15,"101":15,"102":15,"103":15,"106":15,"107":15,"108":15,"109":7,"110":8,"111":15,"112":15,"115":15,"116":15,"117":15,"118":15,"119":15,"120":15,"121":15,"122":15,"124":15,"126":15,"127":15,"130":15,"131":0,"132":0,"133":0,"134":0,"135":0,"136":0,"137":0,"141":15,"142":2,"143":2,"144":2,"145":2,"146":2,"147":2,"148":2,"152":15,"153":6,"157":15,"158":15,"159":15,"160":15,"161":15,"162":15,"163":15,"166":15,"168":15,"169":15,"170":15,"171":15,"174":15,"175":15,"176":15,"177":15,"178":15,"179":4,"180":11,"181":0,"182":11,"183":15,"185":15,"186":4,"187":4,"189":4,"190":11,"191":0,"192":0,"194":0,"196":11,"197":11,"198":11,"199":11,"201":15,"202":15,"203":15,"205":15},"branchMap":{"0":{"type":"branch","line":15,"loc":{"start":{"line":15,"column":7},"end":{"line":206,"column":1}},"locations":[{"start":{"line":15,"column":7},"end":{"line":206,"column":1}}]},"1":{"type":"branch","line":27,"loc":{"start":{"line":27,"column":29},"end":{"line":27,"column":82}},"locations":[{"start":{"line":27,"column":29},"end":{"line":27,"column":82}}]},"2":{"type":"branch","line":28,"loc":{"start":{"line":28,"column":24},"end":{"line":28,"column":87}},"locations":[{"start":{"line":28,"column":24},"end":{"line":28,"column":87}}]},"3":{"type":"branch","line":28,"loc":{"start":{"line":28,"column":83},"end":{"line":28,"column":92}},"locations":[{"start":{"line":28,"column":83},"end":{"line":28,"column":92}}]},"4":{"type":"branch","line":89,"loc":{"start":{"line":89,"column":28},"end":{"line":91,"column":13}},"locations":[{"start":{"line":89,"column":28},"end":{"line":91,"column":13}}]},"5":{"type":"branch","line":91,"loc":{"start":{"line":91,"column":2},"end":{"line":95,"column":3}},"locations":[{"start":{"line":91,"column":2},"end":{"line":95,"column":3}}]},"6":{"type":"branch","line":93,"loc":{"start":{"line":93,"column":2},"end":{"line":95,"column":3}},"locations":[{"start":{"line":93,"column":2},"end":{"line":95,"column":3}}]},"7":{"type":"branch","line":103,"loc":{"start":{"line":103,"column":78},"end":{"line":103,"column":110}},"locations":[{"start":{"line":103,"column":78},"end":{"line":103,"column":110}}]},"8":{"type":"branch","line":103,"loc":{"start":{"line":103,"column":88},"end":{"line":103,"column":126}},"locations":[{"start":{"line":103,"column":88},"end":{"line":103,"column":126}}]},"9":{"type":"branch","line":109,"loc":{"start":{"line":109,"column":26},"end":{"line":110,"column":124}},"locations":[{"start":{"line":109,"column":26},"end":{"line":110,"column":124}}]},"10":{"type":"branch","line":110,"loc":{"start":{"line":110,"column":16},"end":{"line":111,"column":82}},"locations":[{"start":{"line":110,"column":16},"end":{"line":111,"column":82}}]},"11":{"type":"branch","line":131,"loc":{"start":{"line":131,"column":9},"end":{"line":138,"column":16}},"locations":[{"start":{"line":131,"column":9},"end":{"line":138,"column":16}}]},"12":{"type":"branch","line":142,"loc":{"start":{"line":142,"column":9},"end":{"line":149,"column":16}},"locations":[{"start":{"line":142,"column":9},"end":{"line":149,"column":16}}]},"13":{"type":"branch","line":153,"loc":{"start":{"line":153,"column":9},"end":{"line":153,"column":53}},"locations":[{"start":{"line":153,"column":9},"end":{"line":153,"column":53}}]},"14":{"type":"branch","line":153,"loc":{"start":{"line":153,"column":30},"end":{"line":154,"column":62}},"locations":[{"start":{"line":153,"column":30},"end":{"line":154,"column":62}}]},"15":{"type":"branch","line":162,"loc":{"start":{"line":162,"column":21},"end":{"line":162,"column":84}},"locations":[{"start":{"line":162,"column":21},"end":{"line":162,"column":84}}]},"16":{"type":"branch","line":162,"loc":{"start":{"line":162,"column":42},"end":{"line":162,"column":195}},"locations":[{"start":{"line":162,"column":42},"end":{"line":162,"column":195}}]},"17":{"type":"branch","line":162,"loc":{"start":{"line":162,"column":97},"end":{"line":162,"column":149}},"locations":[{"start":{"line":162,"column":97},"end":{"line":162,"column":149}}]},"18":{"type":"branch","line":162,"loc":{"start":{"line":162,"column":107},"end":{"line":162,"column":195}},"locations":[{"start":{"line":162,"column":107},"end":{"line":162,"column":195}}]},"19":{"type":"branch","line":163,"loc":{"start":{"line":163,"column":231},"end":{"line":163,"column":286}},"locations":[{"start":{"line":163,"column":231},"end":{"line":163,"column":286}}]},"20":{"type":"branch","line":163,"loc":{"start":{"line":163,"column":252},"end":{"line":163,"column":288}},"locations":[{"start":{"line":163,"column":252},"end":{"line":163,"column":288}}]},"21":{"type":"branch","line":171,"loc":{"start":{"line":171,"column":33},"end":{"line":171,"column":58}},"locations":[{"start":{"line":171,"column":33},"end":{"line":171,"column":58}}]},"22":{"type":"branch","line":171,"loc":{"start":{"line":171,"column":44},"end":{"line":171,"column":71}},"locations":[{"start":{"line":171,"column":44},"end":{"line":171,"column":71}}]},"23":{"type":"branch","line":177,"loc":{"start":{"line":177,"column":20},"end":{"line":177,"column":57}},"locations":[{"start":{"line":177,"column":20},"end":{"line":177,"column":57}}]},"24":{"type":"branch","line":177,"loc":{"start":{"line":177,"column":42},"end":{"line":177,"column":69}},"locations":[{"start":{"line":177,"column":42},"end":{"line":177,"column":69}}]},"25":{"type":"branch","line":179,"loc":{"start":{"line":179,"column":12},"end":{"line":180,"column":70}},"locations":[{"start":{"line":179,"column":12},"end":{"line":180,"column":70}}]},"26":{"type":"branch","line":180,"loc":{"start":{"line":180,"column":16},"end":{"line":183,"column":88}},"locations":[{"start":{"line":180,"column":16},"end":{"line":183,"column":88}}]},"27":{"type":"branch","line":181,"loc":{"start":{"line":181,"column":16},"end":{"line":182,"column":74}},"locations":[{"start":{"line":181,"column":16},"end":{"line":182,"column":74}}]},"28":{"type":"branch","line":184,"loc":{"start":{"line":184,"column":14},"end":{"line":184,"column":79}},"locations":[{"start":{"line":184,"column":14},"end":{"line":184,"column":79}}]},"29":{"type":"branch","line":184,"loc":{"start":{"line":184,"column":35},"end":{"line":184,"column":81}},"locations":[{"start":{"line":184,"column":35},"end":{"line":184,"column":81}}]},"30":{"type":"branch","line":186,"loc":{"start":{"line":186,"column":11},"end":{"line":190,"column":15}},"locations":[{"start":{"line":186,"column":11},"end":{"line":190,"column":15}}]},"31":{"type":"branch","line":190,"loc":{"start":{"line":190,"column":12},"end":{"line":200,"column":15}},"locations":[{"start":{"line":190,"column":12},"end":{"line":200,"column":15}}]},"32":{"type":"branch","line":191,"loc":{"start":{"line":191,"column":14},"end":{"line":195,"column":15}},"locations":[{"start":{"line":191,"column":14},"end":{"line":195,"column":15}}]},"33":{"type":"branch","line":199,"loc":{"start":{"line":199,"column":28},"end":{"line":199,"column":56}},"locations":[{"start":{"line":199,"column":28},"end":{"line":199,"column":56}}]},"34":{"type":"branch","line":199,"loc":{"start":{"line":199,"column":38},"end":{"line":199,"column":71}},"locations":[{"start":{"line":199,"column":38},"end":{"line":199,"column":71}}]},"35":{"type":"branch","line":31,"loc":{"start":{"line":31,"column":12},"end":{"line":35,"column":5}},"locations":[{"start":{"line":31,"column":12},"end":{"line":35,"column":5}}]},"36":{"type":"branch","line":32,"loc":{"start":{"line":32,"column":12},"end":{"line":32,"column":29}},"locations":[{"start":{"line":32,"column":12},"end":{"line":32,"column":29}}]},"37":{"type":"branch","line":41,"loc":{"start":{"line":41,"column":12},"end":{"line":49,"column":5}},"locations":[{"start":{"line":41,"column":12},"end":{"line":49,"column":5}}]},"38":{"type":"branch","line":42,"loc":{"start":{"line":42,"column":34},"end":{"line":48,"column":5}},"locations":[{"start":{"line":42,"column":34},"end":{"line":48,"column":5}}]},"39":{"type":"branch","line":47,"loc":{"start":{"line":47,"column":13},"end":{"line":47,"column":98}},"locations":[{"start":{"line":47,"column":13},"end":{"line":47,"column":98}}]},"40":{"type":"branch","line":52,"loc":{"start":{"line":52,"column":23},"end":{"line":57,"column":4}},"locations":[{"start":{"line":52,"column":23},"end":{"line":57,"column":4}}]},"41":{"type":"branch","line":56,"loc":{"start":{"line":56,"column":8},"end":{"line":56,"column":46}},"locations":[{"start":{"line":56,"column":8},"end":{"line":56,"column":46}}]},"42":{"type":"branch","line":56,"loc":{"start":{"line":56,"column":46},"end":{"line":56,"column":68}},"locations":[{"start":{"line":56,"column":46},"end":{"line":56,"column":68}}]},"43":{"type":"branch","line":62,"loc":{"start":{"line":62,"column":21},"end":{"line":78,"column":4}},"locations":[{"start":{"line":62,"column":21},"end":{"line":78,"column":4}}]},"44":{"type":"branch","line":63,"loc":{"start":{"line":63,"column":22},"end":{"line":67,"column":5}},"locations":[{"start":{"line":63,"column":22},"end":{"line":67,"column":5}}]},"45":{"type":"branch","line":74,"loc":{"start":{"line":74,"column":15},"end":{"line":77,"column":7}},"locations":[{"start":{"line":74,"column":15},"end":{"line":77,"column":7}}]}},"b":{"0":[15],"1":[8],"2":[8],"3":[7],"4":[7],"5":[8],"6":[0],"7":[7],"8":[8],"9":[7],"10":[8],"11":[0],"12":[2],"13":[8],"14":[6],"15":[2],"16":[13],"17":[7],"18":[6],"19":[2],"20":[13],"21":[3],"22":[12],"23":[13],"24":[9],"25":[4],"26":[11],"27":[0],"28":[2],"29":[13],"30":[4],"31":[11],"32":[0],"33":[5],"34":[6],"35":[8],"36":[6],"37":[10],"38":[2],"39":[2],"40":[2],"41":[0],"42":[0],"43":[2],"44":[0],"45":[2]},"fnMap":{"0":{"name":"DailyJournalEditor","decl":{"start":{"line":15,"column":7},"end":{"line":206,"column":1}},"loc":{"start":{"line":15,"column":7},"end":{"line":206,"column":1}},"line":15},"1":{"name":"handleChange","decl":{"start":{"line":52,"column":23},"end":{"line":57,"column":4}},"loc":{"start":{"line":52,"column":23},"end":{"line":57,"column":4}},"line":52},"2":{"name":"handleSave","decl":{"start":{"line":62,"column":21},"end":{"line":78,"column":4}},"loc":{"start":{"line":62,"column":21},"end":{"line":78,"column":4}},"line":62},"3":{"name":"handleAddMemo","decl":{"start":{"line":81,"column":24},"end":{"line":85,"column":4}},"loc":{"start":{"line":81,"column":24},"end":{"line":85,"column":4}},"line":81}},"f":{"0":15,"1":2,"2":2,"3":0}}
,"C:\\Users\\purnachandra\\OneDrive\\Desktop\\calender\\src\\components\\DailyJournalQuickMemos.jsx": {"path":"C:\\Users\\purnachandra\\OneDrive\\Desktop\\calender\\src\\components\\DailyJournalQuickMemos.jsx","all":false,"statementMap":{"0":{"start":{"line":1,"column":0},"end":{"line":1,"column":44}},"1":{"start":{"line":2,"column":0},"end":{"line":2,"column":62}},"2":{"start":{"line":3,"column":0},"end":{"line":3,"column":56}},"14":{"start":{"line":15,"column":0},"end":{"line":15,"column":55}},"16":{"start":{"line":17,"column":0},"end":{"line":17,"column":54}},"18":{"start":{"line":19,"column":0},"end":{"line":19,"column":57}},"19":{"start":{"line":20,"column":0},"end":{"line":20,"column":40}},"20":{"start":{"line":21,"column":0},"end":{"line":21,"column":54}},"21":{"start":{"line":22,"column":0},"end":{"line":22,"column":41}},"22":{"start":{"line":23,"column":0},"end":{"line":23,"column":6}},"23":{"start":{"line":24,"column":0},"end":{"line":24,"column":5}},"26":{"start":{"line":27,"column":0},"end":{"line":27,"column":62}},"27":{"start":{"line":28,"column":0},"end":{"line":28,"column":53}},"28":{"start":{"line":29,"column":0},"end":{"line":29,"column":65}},"31":{"start":{"line":32,"column":0},"end":{"line":32,"column":19}},"32":{"start":{"line":33,"column":0},"end":{"line":33,"column":71}},"33":{"start":{"line":34,"column":0},"end":{"line":34,"column":19}},"35":{"start":{"line":36,"column":0},"end":{"line":36,"column":33}},"36":{"start":{"line":37,"column":0},"end":{"line":37,"column":60}},"37":{"start":{"line":38,"column":0},"end":{"line":38,"column":30}},"38":{"start":{"line":39,"column":0},"end":{"line":39,"column":4}},"40":{"start":{"line":41,"column":0},"end":{"line":41,"column":10}},"41":{"start":{"line":42,"column":0},"end":{"line":42,"column":67}},"44":{"start":{"line":45,"column":0},"end":{"line":45,"column":132}},"45":{"start":{"line":46,"column":0},"end":{"line":46,"column":51}},"46":{"start":{"line":47,"column":0},"end":{"line":47,"column":50}},"47":{"start":{"line":48,"column":0},"end":{"line":48,"column":16}},"48":{"start":{"line":49,"column":0},"end":{"line":49,"column":17}},"49":{"start":{"line":50,"column":0},"end":{"line":50,"column":27}},"50":{"start":{"line":51,"column":0},"end":{"line":51,"column":48}},"51":{"start":{"l
[...]
ne":57,"column":0},"end":{"line":57,"column":36}},"57":{"start":{"line":58,"column":0},"end":{"line":58,"column":29}},"58":{"start":{"line":59,"column":0},"end":{"line":59,"column":76}},"59":{"start":{"line":60,"column":0},"end":{"line":60,"column":39}},"60":{"start":{"line":61,"column":0},"end":{"line":61,"column":5}},"61":{"start":{"line":62,"column":0},"end":{"line":62,"column":32}},"62":{"start":{"line":63,"column":0},"end":{"line":63,"column":23}},"63":{"start":{"line":64,"column":0},"end":{"line":64,"column":21}},"64":{"start":{"line":65,"column":0},"end":{"line":65,"column":23}},"65":{"start":{"line":66,"column":0},"end":{"line":66,"column":4}},"67":{"start":{"line":68,"column":0},"end":{"line":68,"column":32}},"68":{"start":{"line":69,"column":0},"end":{"line":69,"column":21}},"69":{"start":{"line":70,"column":0},"end":{"line":70,"column":38}},"70":{"start":{"line":71,"column":0},"end":{"line":71,"column":24}},"71":{"start":{"line":72,"column":0},"end":{"line":72,"column":23}},"72":{"start":{"line":73,"column":0},"end":{"line":73,"column":39}},"73":{"start":{"line":74,"column":0},"end":{"line":74,"column":71}},"74":{"start":{"line":75,"column":0},"end":{"line":75,"column":38}},"75":{"start":{"line":76,"column":0},"end":{"line":76,"column":79}},"76":{"start":{"line":77,"column":0},"end":{"line":77,"column":44}},"77":{"start":{"line":78,"column":0},"end":{"line":78,"column":78}},"78":{"start":{"line":79,"column":0},"end":{"line":79,"column":14}},"79":{"start":{"line":80,"column":0},"end":{"line":80,"column":52}},"80":{"start":{"line":81,"column":0},"end":{"line":81,"column":7}},"81":{"start":{"line":82,"column":0},"end":{"line":82,"column":12}},"82":{"start":{"line":83,"column":0},"end":{"line":83,"column":38}},"83":{"start":{"line":84,"column":0},"end":{"line":84,"column":65}},"84":{"start":{"line":85,"column":0},"end":{"line":85,"column":84}},"85":{"start":{"line":86,"column":0},"end":{"line":86,"column":14}},"86":{"start":{"line":87,"column":0},"end":{"line":87,"column":26}},"87":{"start":{"line":88,"column":0},"end":{"line":88,"column":25}},"88":{"start":{"line":89,"column":0},"end":{"line":89,"column":7}},"89":{"start":{"line":90,"column":0},"end":{"line":90,"column":5}},"90":{"start":{"line":91,"column":0},"end":{"line":91,"column":4}},"92":{"start":{"line":93,"column":0},"end":{"line":93,"column":5}},"93":{"start":{"line":94,"column":0},"end":{"line":94,"column":68}},"94":{"start":{"line":95,"column":0},"end":{"line":95,"column":77}},"95":{"start":{"line":96,"column":0},"end":{"line":96,"column":5}},"96":{"start":{"line":97,"column":0},"end":{"line":97,"column":32}},"97":{"start":{"line":98,"column":0},"end":{"line":98,"column":32}},"98":{"start":{"line":99,"column":0},"end":{"line":99,"column":24}},"99":{"start":{"line":100,"column":0},"end":{"line":100,"column":12}},"100":{"start":{"line":101,"column":0},"end":{"line":101,"column":81}},"101":{"start":{"line":102,"column":0},"end":{"line":102,"column":5}},"102":{"start":{"line":103,"column":0},"end":{"line":103,"column":4}},"104":{"start":{"line":105,"column":0},"end":{"line":105,"column":64}},"105":{"start":{"line":106,"column":0},"end":{"line":106,"column":74}},"106":{"start":{"line":107,"column":0},"end":{"line":107,"column":68}},"107":{"start":{"line":108,"column":0},"end":{"line":108,"column":2}},"108":{"start":{"line":109,"column":0},"end":{"line":109,"column":5}},"109":{"start":{"line":110,"column":0},"end":{"line":110,"column":69}},"110":{"start":{"line":111,"column":0},"end":{"line":111,"column":80}},"111":{"start":{"line":112,"column":0},"end":{"line":112,"column":5}},"112":{"start":{"line":113,"column":0},"end":{"line":113,"column":30}},"113":{"start":{"line":114,"column":0},"end":{"line":114,"column":37}},"114":{"start":{"line":115,"column":0},"end":{"line":115,"column":31}},"115":{"start":{"line":116,"column":0},"end":{"line":116,"column":97}},"116":{"start":{"line":117,"column":0},"end":{"line":117,"column":5}},"117":{"start":{"line":118,"column":0},"end":{"line":118,"column":56}},"118":{"start":{"line":119,"column":0},"end":{"line":119,"column":45}},"119":{"start":{"line":120,"column":0},"end":{"line":120,"column":99}},"120":{"start":{"line":121,"column":0},"end":{"line":121,"column":5}},"121":{"start":{"line":122,"column":0},"end":{"line":122,"column":17}},"122":{"start":{"line":123,"column":0},"end":{"line":123,"column":4}},"124":{"start":{"line":125,"column":0},"end":{"line":125,"column":10}},"125":{"start":{"line":126,"column":0},"end":{"line":126,"column":17}},"126":{"start":{"line":127,"column":0},"end":{"line":127,"column":14}},"127":{"start":{"line":128,"column":0},"end":{"line":128,"column":14}},"128":{"start":{"line":129,"column":0},"end":{"line":129,"column":16}},"129":{"start":{"line":130,"column":0},"end":{"line":130,"column":19}},"130":{"start":{"line":131,"column":0},"end":{"line":131,"column":14}},"131":{"start":{"line":132,"column":0},"end":{"line":132,"column":12}},"132":{"start":{"line":133,"column":0},"end":{"line":133,"column":14}},"133":{"start":{"line":134,"column":0},"end":{"line":134,"column":16}},"134":{"start":{"line":135,"column":0},"end":{"line":135,"column":16}},"135":{"start":{"line":136,"column":0},"end":{"line":136,"column":20}},"136":{"start":{"line":137,"column":0},"end":{"line":137,"column":18}},"137":{"start":{"line":138,"column":0},"end":{"line":138,"column":14}},"138":{"start":{"line":139,"column":0},"end":{"line":139,"column":19}},"139":{"start":{"line":140,"column":0},"end":{"line":140,"column":35}},"140":{"start":{"line":141,"column":0},"end":{"line":141,"column":26}},"141":{"start":{"line":142,"column":0},"end":{"line":142,"column":22}},"142":{"start":{"line":143,"column":0},"end":{"line":143,"column":6}},"143":{"start":{"line":144,"column":0},"end":{"line":144,"column":4}},"144":{"start":{"line":145,"column":0},"end":{"line":145,"column":1}}},"s":{"0":1,"1":1,"15":1,"16":1,"17":1,"18":1,"19":1,"20":1,"21":1,"22":1,"23":15,"24":15,"25":15,"26":15,"27":15,"28":15,"29":15,"30":15,"31":15,"32":15,"33":15,"35":15,"36":15,"37":15,"38":15,"39":15,"40":15,"41":0,"42":15,"44":15,"45":15,"46":15,"47":15,"48":15,"49":15,"50":15,"51":15,"52":15,"54":15,"55":15,"56":15,"57":15,"58":15,"59":15,"60":15,"61":15,"62":2,"63":2,"64":2,"65":15,"67":15,"68":6,"69":4,"70":4,"71":4,"72":6,"73":2,"74":2,"75":0,"76":2,"77":0,"78":2,"79":2,"80":2,"81":2,"82":0,"83":0,"84":0,"85":0,"86":0,"87":0,"88":0,"89":0,"90":15,"92":15,"93":15,"94":15,"95":15,"96":15,"97":0,"98":0,"99":0,"100":0,"101":0,"102":15,"104":15,"105":15,"106":15,"107":15,"108":15,"109":15,"110":15,"111":15,"112":15,"113":525,"114":525,"115":105,"116":105,"117":420,"118":525,"119":0,"120":0,"121":420,"122":15,"124":15,"125":15,"126":15,"127":15,"128":15,"129":15,"130":15,"131":15,"132":15,"133":15,"134":15,"135":15,"136":15,"137":15,"138":15,"139":15,"140":0,"141":0,"142":15,"143":15,"144":15},"branchMap":{"0":{"type":"branch","line":23,"loc":{"start":{"line":23,"column":7},"end":{"line":145,"column":1}},"locations":[{"start":{"line":23,"column":7},"end":{"line":145,"column":1}}]},"1":{"type":"branch","line":49,"loc":{"start":{"line":49,"column":25},"end":{"line":53,"column":3}},"locations":[{"start":{"line":49,"column":25},"end":{"line":53,"column":3}}]},"2":{"type":"branch","line":62,"loc":{"start":{"line":62,"column":25},"end":{"line":66,"column":3}},"locations":[{"start":{"line":62,"column":25},"end":{"line":66,"column":3}}]},"3":{"type":"branch","line":68,"loc":{"start":{"line":68,"column":22},"end":{"line":91,"column":3}},"locations":[{"start":{"line":68,"column":22},"end":{"line":91,"column":3}}]},"4":{"type":"branch","line":69,"loc":{"start":{"line":69,"column":20},"end":{"line":73,"column":5}},"locations":[{"start":{"line":69,"column":20},"end":{"line":73,"column":5}}]},"5":{"type":"branch","line":73,"loc":{"start":{"line":73,"column":5},"end":{"line":90,"column":5}},"locations":[{"start":{"line":73,"column":5},"end":{"line":90,"column":5}}]},"6":{"type":"branch","line":75,"loc":{"start":{"line":75,"column":37},"end":{"line":77,"column":7}},"locations":[{"start":{"line":75,"column":37},"end":{"line":77,"column":7}}]},"7":{"type":"branch","line":77,"loc":{"start":{"line":77,"column":43},"end":{"line":79,"column":7}},"locations":[{"start":{"line":77,"column":43},"end":{"line":79,"column":7}}]},"8":{"type":"branch","line":82,"loc":{"start":{"line":82,"column":5},"end":{"line":90,"column":5}},"locations":[{"start":{"line":82,"column":5},"end":{"line":90,"column":5}}]},"9":{"type":"branch","line":106,"loc":{"start":{"line":106,"column":26},"end":{"line":106,"column":73}},"locations":[{"start":{"line":106,"column":26},"end":{"line":106,"column":73}}]},"10":{"type":"branch","line":106,"loc":{"start":{"line":106,"column":45},"end":{"line":106,"column":73}},"locations":[{"start":{"line":106,"column":45},"end":{"line":106,"column":73}}]},"11":{"type":"branch","line":107,"loc":{"start":{"line":107,"column":24},"end":{"line":107,"column":67}},"locations":[{"start":{"line":107,"column":24},"end":{"line":107,"column":67}}]},"12":{"type":"branch","line":107,"loc":{"start":{"line":107,"column":41},"end":{"line":107,"column":67}},"locations":[{"start":{"line":107,"column":41},"end":{"line":107,"column":67}}]},"13":{"type":"branch","line":113,"loc":{"start":{"line":113,"column":20},"end":{"line":123,"column":3}},"locations":[{"start":{"line":113,"column":20},"end":{"line":123,"column":3}}]},"14":{"type":"branch","line":115,"loc":{"start":{"line":115,"column":18},"end":{"line":115,"column":28}},"locations":[{"start":{"line":115,"column":18},"end":{"line":115,"column":28}}]},"15":{"type":"branch","line":115,"loc":{"start":{"line":115,"column":30},"end":{"line":117,"column":5}},"locations":[{"start":{"line":115,"column":30},"end":{"line":117,"column":5}}]},"16":{"type":"branch","line":116,"loc":{"start":{"line":116,"column":54},"end":{"line":116,"column":96}},"locations":[{"start":{"line":116,"column":54},"end":{"line":116,"column":96}}]},"17":{"type":"branch","line":117,"loc":{"start":{"line":117,"column":4},"end":{"line":119,"column":18}},"locations":[{"start":{"line":117,"column":4},"end":{"line":119,"column":18}}]},"18":{"type":"branch","line":119,"loc":{"start":{"line":119,"column":18},"end":{"line":119,"column":30}},"locations":[{"start":{"line":119,"column":18},"end":{"line":119,"column":30}}]},"19":{"type":"branch","line":119,"loc":{"start":{"line":119,"column":31},"end":{"line":119,"column":42}},"locations":[{"start":{"line":119,"column":31},"end":{"line":119,"column":42}}]},"20":{"type":"branch","line":119,"loc":{"start":{"line":119,"column":44},"end":{"line":121,"column":5}},"locations":[{"start":{"line":119,"column":44},"end":{"line":121,"column":5}}]},"21":{"type":"branch","line":121,"loc":{"start":{"line":121,"column":4},"end":{"line":123,"column":2}},"locations":[{"start":{"line":121,"column":4},"end":{"line":123,"column":2}}]}},"b":{"0":[15],"1":[15],"2":[2],"3":[6],"4":[4],"5":[2],"6":[0],"7":[0],"8":[0],"9":[525],"10":[280],"11":[525],"12":[105],"13":[525],"14":[280],"15":[105],"16":[82],"17":[420],"18":[175],"19":[0],"20":[0],"21":[420]},"fnMap":{"0":{"name":"useCalendar","decl":{"start":{"line":23,"column":7},"end":{"line":145,"column":1}},"loc":{"start":{"line":23,"column":7},"end":{"line":145,"column":1}},"line":23},"1":{"name":"nextMonth","decl":{"start":{"line":37,"column":20},"end":{"line":37,"column":69}},"loc":{"start":{"line":37,"column":20},"end":{"line":37,"column":69}},"line":37},"2":{"name":"prevMonth","decl":{"start":{"line":38,"column":20},"end":{"line":38,"column":69}},"loc":{"start":{"line":38,"column":20},"end":{"line":38,"column":69}},"line":38},"3":{"name":"jumpToToday","decl":{"start":{"line":41,"column":22},"end":{"line":43,"column":3}},"loc":{"start":{"line":41,"column":22},"end":{"line":43,"column":3}},"line":41},"4":{"name":"getDaysInMonth","decl":{"start":{"line":49,"column":25},"end":{"line":53,"column":3}},"loc":{"start":{"line":49,"column":25},"end":{"line":53,"column":3}},"line":49},"5":{"name":"clearSelection","decl":{"start":{"line":62,"column":25},"end":{"line":66,"column":3}},"loc":{"start":{"line":62,"column":25},"end":{"line":66,"column":3}},"line":62},"6":{"name":"onDateClick","decl":{"start":{"line":68,"column":22},"end":{"line":91,"column":3}},"loc":{"start":{"line":68,"column":22},"end":{"line":91,"column":3}},"line":68},"7":{"name":"onDateHover","decl":{"start":{"line":97,"column":22},"end":{"line":103,"column":3}},"loc":{"start":{"line":97,"column":22},"end":{"line":103,"column":3}},"line":97},"8":{"name":"isSelectedStart","decl":{"start":{"line":106,"column":26},"end":{"line":106,"column":73}},"loc":{"start":{"line":106,"column":26},"end":{"line":106,"column":73}},"line":106},"9":{"name":"isSelectedEnd","decl":{"start":{"line":107,"column":24},"end":{"line":107,"column":67}},"loc":{"start":{"line":107,"column":24},"end":{"line":107,"column":67}},"line":107},"10":{"name":"isInRange","decl":{"start":{"line":113,"column":20},"end":{"line":123,"column":3}},"loc":{"start":{"line":113,"column":20},"end":{"line":123,"column":3}},"line":113},"11":{"name":"setSelection","decl":{"start":{"line":140,"column":18},"end":{"line":143,"column":5}},"loc":{"start":{"line":140,"column":18},"end":{"line":143,"column":5}},"line":140}},"f":{"0":15,"1":0,"2":0,"3":0,"4":15,"5":2,"6":6,"7":0,"8":525,"9":525,"10":525,"11":0}}
,"C:\\Users\\purnachandra\\OneDrive\\Desktop\\calender\\src\\hooks\\useNotes.js": {"path":"C:\\Users\\purnachandra\\OneDrive\\Desktop\\calender\\src\\hooks\\useNotes.js","all":false,"statementMap":{"0":{"start":{"line":1,"column":0},"end":{"line":1,"column":67}},"2":{"start":{"line":3,"column":0},"end":{"line":3,"column":3}},"3":{"start":{"line":4,"column":0},"end":{"line":4,"column":67}},"4":{"start":{"line":5,"column":0},"end":{"line":5,"column":84}},"5":{"start":{"line":6,"column":0},"end":{"line":6,"column":3}},"6":{"start":{"line":7,"column":0},"end":{"line":7,"column":28}},"7":{"start":{"line":8,"column":0},"end":{"line":8,"column":73}},"8":{"start":{"line":9,"column":0},"end":{"line":9,"column":44}},"9":{"start":{"line":10,"column":0},"end":{"line":10,"column":57}},"10":{"start":{"line":11,"column":0},"end":{"line":11,"column":42}},"11":{"start":{"line":12,"column":0},"end":{"line":12,"column":5}},"13":{"start":{"line":14,"column":0},"end":{"line":14,"column":86}},"14":{"start":{"line":15,"column":0},"end":{"line":15,"column":19}},"15":{"start":{"line":16,"column":0},"end":{"line":16,"column":66}},"16":{"start":{"line":17,"column":0},"end":{"line":17,"column":14}},"18":{"start":{"line":19,"column":0},"end":{"line":19,"column":5}},"19":{"start":{"line":20,"column":0},"end":{"line":20,"column":71}},"20":{"start":{"line":21,"column":0},"end":{"line":21,"column":80}},"21":{"start":{"line":22,"column":0},"end":{"line":22,"column":44}},"22":{"start":{"line":23,"column":0},"end":{"line":23,"column":5}},"23":{"start":{"line":24,"column":0},"end":{"line":24,"column":35}},"24":{"start":{"line":25,"column":0},"end":{"line":25,"column":49}},"25":{"start":{"line":26,"column":0},"end":{"line":26,"column":4}},"27":{"start":{"line":28,"column":0},"end":{"line":28,"column":5}},"28":{"start":{"line":29,"column":0},"end":{"line":29,"column":73}},"29":{"start":{"line":30,"column":0},"end":{"line":30,"column":5}},"30":{"start":{"line":31,"column":0},"end":{"line":31,"column":28}},"31":{"start":{"line":32,"column":0},"end":{"line":32,"column":28}},"32":{"start":{"line":33,"column":0},"end":{"line":33,"column":4}},"34":{"start":{"line":35,"column":0},"end":{"line":35,"column":5}},"35":{"start":{"line":36,"column":0},"end":{"line":36,"column":63}},"36":{"start":{"line":37,"column":0},"end":{"line":37,"column":5}},"37":{"start":{"line":38,"column":0},"end":{"line":38,"column":31}},"38":{"start":{"line":39,"column":0},"end":{"line":39,"column":22}},"39":{"start":{"line":40,"column":0},"end":{"line":40,"column":35}},"40":{"start":{"line":41,"column":0},"end":{"line":41,"column":97}},"41":{"start":{"line":42,"column":0},"end":{"line":42,"column":22}},"42":{"start":{"line":43,"column":0},"end":{"line":43,"column":7}},"43":{"start":{"line":44,"column":0},"end":{"line":44,"column":4}},"45":{"start":{"line":46,"column":0},"end":{"line":46,"column":10}},"46":{"start":{"line":47,"column":0},"end":{"line":47,"column":10}},"47":{"start":{"line":48,"column":0},"end":{"line":48,"column":13}},"48":{"start":{"line":49,"column":0},"end":{"line":49,"column":12}},"49":{"start":{"line":50,"column":0},"end":{"line":50,"column":14}},"50":{"start":{"line":51,"column":0},"end":{"line":51,"column":4}},"51":{"start":{"line":52,"column":0},"end":{"line":52,"column":1}}},"s":{"0":1,"2":1,"3":1,"4":1,"5":1,"6":1,"7":15,"8":15,"9":4,"10":4,"11":15,"13":15,"14":15,"15":6,"16":15,"18":15,"19":15,"20":15,"21":15,"22":15,"23":15,"24":2,"25":15,"27":15,"28":15,"29":15,"30":15,"31":0,"32":15,"34":15,"35":15,"36":15,"37":15,"38":0,"39":0,"40":0,"41":0,"42":0,"43":15,"45":15,"46":15,"47":15,"48":15,"49":15,"50":15,"51":15},"branchMap":{"0":{"type":"branch","line":7,"loc":{"start":{"line":7,"column":7},"end":{"line":52,"column":1}},"locations":[{"start":{"line":7,"column":7},"end":{"line":52,"column":1}}]},"1":{"type":"branch","line":9,"loc":{"start":{"line":9,"column":37},"end":{"line":12,"column":3}},"locations":[{"start":{"line":9,"column":37},"end":{"line":12,"column":3}}]},"2":{"type":"branch","line":11,"loc":{"start":{"line":11,"column":17},"end":{"line":11,"column":36}},"locations":[{"start":{"line":11,"column":17},"end":{"line":11,"column":36}}]},"3":{"type":"branch","line":11,"loc":{"start":{"line":11,"column":37},"end":{"line":11,"column":41}},"locations":[{"start":{"line":11,"column":37},"end":{"line":11,"column":41}}]},"4":{"type":"branch","line":15,"loc":{"start":{"line":15,"column":12},"end":{"line":17,"column":3}},"locations":[{"start":{"line":15,"column":12},"end":{"line":17,"column":3}}]},"5":{"type":"branch","line":24,"loc":{"start":{"line":24,"column":19},"end":{"line":26,"column":3}},"locations":[{"start":{"line":24,"column":19},"end":{"line":26,"column":3}}]},"6":{"type":"branch","line":25,"loc":{"start":{"line":25,"column":13},"end":{"line":25,"column":47}},"locations":[{"start":{"line":25,"column":13},"end":{"line":25,"column":47}}]}},"b":{"0":[15],"1":[4],"2":[3],"3":[1],"4":[6],"5":[2],"6":[2]},"fnMap":{"0":{"name":"useNotes","decl":{"start":{"line":7,"column":7},"end":{"line":52,"column":1}},"loc":{"start":{"line":7,"column":7},"end":{"line":52,"column":1}},"line":7},"1":{"name":"saveNote","decl":{"start":{"line":24,"column":19},"end":{"line":26,"column":3}},"loc":{"start":{"line":24,"column":19},"end":{"line":26,"column":3}},"line":24},"2":{"name":"getNote","decl":{"start":{"line":31,"column":18},"end":{"line":33,"column":3}},"loc":{"start":{"line":31,"column":18},"end":{"line":33,"column":3}},"line":31},"3":{"name":"deleteNote","decl":{"start":{"line":38,"column":21},"end":{"line":44,"column":3}},"loc":{"start":{"line":38,"column":21},"end":{"line":44,"column":3}},"line":38}},"f":{"0":15,"1":2,"2":0,"3":0}}
,"C:\\Users\\purnachandra\\OneDrive\\Desktop\\calender\\src\\lib\\utils.js": {"path":"C:\\Users\\purnachandra\\OneDrive\\Desktop\\calender\\src\\lib\\utils.js","all":false,"statementMap":{"0":{"start":{"line":1,"column":0},"end":{"line":1,"column":56}},"1":{"start":{"line":2,"column":0},"end":{"line":2,"column":75}},"3":{"start":{"line":4,"column":0},"end":{"line":4,"column":31}},"4":{"start":{"line":5,"column":0},"end":{"line":5,"column":31}},"5":{"start":{"line":6,"column":0},"end":{"line":6,"column":1}}},"s":{"0":1,"1":1,"3":1,"4":2115,"5":2115},"branchMap":{"0":{"type":"branch","line":4,"loc":{"start":{"line":4,"column":7},"end":{"line":6,"column":1}},"locations":[{"start":{"line":4,"column":7},"end":{"line":6,"column":1}}]}},"b":{"0":[2115]},"fnMap":{"0":{"name":"cn","decl":{"start":{"line":4,"column":7},"end":{"line":6,"column":1}},"loc":{"start":{"line":4,"column":7},"end":{"line":6,"column":1}},"line":4}},"f":{"0":2115}}
}
